[01m[K/home/andreazanasi/Desktop/MMR/try_lifecycle_manager/src/life_manager/src/life_manager.cpp:[m[K In member function ‘[01m[Kvoid LifeManager::declare_and_get_parameters()[m[K’:
[01m[K/home/andreazanasi/Desktop/MMR/try_lifecycle_manager/src/life_manager/src/life_manager.cpp:42:54:[m[K [01;35m[Kwarning: [m[Kconverting to ‘[01m[Kconst ParameterDescriptor[m[K’ {aka ‘[01m[Kconst rcl_interfaces::msg::ParameterDescriptor_<std::allocator<void> >[m[K’} from initializer list would use explicit constructor ‘[01m[Krcl_interfaces::msg::ParameterDescriptor_<ContainerAllocator>::ParameterDescriptor_(rosidl_runtime_cpp::MessageInitialization) [with ContainerAllocator = std::allocator<void>][m[K’
   42 |     [01;35m[Kthis->declare_parameter<std::vector<std::string>>("nodes", {})[m[K;
      |     [01;35m[K~~~~~~~~~~~~~~~~~~~~~~~~~~~~~~~~~~~~~~~~~~~~~~~~~^~~~~~~~~~~~~[m[K
[01m[K/home/andreazanasi/Desktop/MMR/try_lifecycle_manager/src/life_manager/src/life_manager.cpp:42:54:[m[K [01;36m[Knote: [m[Kin C++11 and above a default constructor can be explicit
In file included from [01m[K/opt/ros/humble/include/rclcpp/rclcpp/logging.hpp:24[m[K,
                 from [01m[K/opt/ros/humble/include/rclcpp/rclcpp/client.hpp:40[m[K,
                 from [01m[K/opt/ros/humble/include/rclcpp/rclcpp/callback_group.hpp:24[m[K,
                 from [01m[K/opt/ros/humble/include/rclcpp/rclcpp/any_executable.hpp:20[m[K,
                 from [01m[K/opt/ros/humble/include/rclcpp/rclcpp/memory_strategy.hpp:25[m[K,
                 from [01m[K/opt/ros/humble/include/rclcpp/rclcpp/memory_strategies.hpp:18[m[K,
                 from [01m[K/opt/ros/humble/include/rclcpp/rclcpp/executor_options.hpp:20[m[K,
                 from [01m[K/opt/ros/humble/include/rclcpp/rclcpp/executor.hpp:37[m[K,
                 from [01m[K/opt/ros/humble/include/rclcpp/rclcpp/executors/multi_threaded_executor.hpp:25[m[K,
                 from [01m[K/opt/ros/humble/include/rclcpp/rclcpp/executors.hpp:21[m[K,
                 from [01m[K/opt/ros/humble/include/rclcpp/rclcpp/rclcpp.hpp:155[m[K,
                 from [01m[K/home/andreazanasi/Desktop/MMR/try_lifecycle_manager/src/life_manager/src/life_manager.cpp:8[m[K:
[01m[K/home/andreazanasi/Desktop/MMR/try_lifecycle_manager/src/life_manager/src/life_manager.cpp:[m[K In member function ‘[01m[Kunsigned int LifeManager::get_node_state(const string&)[m[K’:
[01m[K/home/andreazanasi/Desktop/MMR/try_lifecycle_manager/src/life_manager/src/life_manager.cpp:196:23:[m[K [01;35m[Kwarning: [m[Kformat ‘[01m[K%s[m[K’ expects argument of type ‘[01m[Kchar*[m[K’, but argument 5 has type ‘[01m[Kconst string[m[K’ {aka ‘[01m[Kconst std::__cxx11::basic_string<char>[m[K’} [[01;35m[K]8;;https://gcc.gnu.org/onlinedocs/gcc/Warning-Options.html#index-Wformat=-Wformat=]8;;[m[K]
  196 |         get_logger(), [01;35m[K"Failed to get current state for node %s"[m[K, node_name);
      |                       [01;35m[K^~~~~~~~~~~~~~~~~~~~~~~~~~~~~~~~~~~~~~~~~[m[K
[01m[K/home/andreazanasi/Desktop/MMR/try_lifecycle_manager/src/life_manager/src/life_manager.cpp:196:62:[m[K [01;36m[Knote: [m[Kformat string is defined here
  196 |         get_logger(), "Failed to get current state for node [01;36m[K%s[m[K", node_name);
      |                                                             [01;36m[K~^[m[K
      |                                                              [01;36m[K|[m[K
      |                                                              [01;36m[Kchar*[m[K
