[0.209s] [34mcolcon[0m [1;30mDEBUG[0m [32mCommand line arguments: ['/usr/bin/colcon', 'build'][0m
[0.209s] [34mcolcon[0m [1;30mDEBUG[0m [32mParsed command line arguments: Namespace(log_base=None, log_level=None, verb_name='build', build_base='build', install_base='install', merge_install=False, symlink_install=False, test_result_base=None, continue_on_error=False, executor='parallel', parallel_workers=4, event_handlers=None, ignore_user_meta=False, metas=['./colcon.meta'], base_paths=['.'], packages_ignore=None, packages_ignore_regex=None, paths=None, packages_up_to=None, packages_up_to_regex=None, packages_above=None, packages_above_and_dependencies=None, packages_above_depth=None, packages_select_by_dep=None, packages_skip_by_dep=None, packages_skip_up_to=None, packages_select_build_failed=False, packages_skip_build_finished=False, packages_select_test_failures=False, packages_skip_test_passed=False, packages_select=None, packages_skip=None, packages_select_regex=None, packages_skip_regex=None, packages_start=None, packages_end=None, allow_overriding=[], cmake_args=None, cmake_target=None, cmake_target_skip_unavailable=False, cmake_clean_cache=False, cmake_clean_first=False, cmake_force_configure=False, ament_cmake_args=None, catkin_cmake_args=None, catkin_skip_building_tests=False, mixin_files=None, mixin=None, verb_parser=<colcon_mixin.mixin.mixin_argument.MixinArgumentDecorator object at 0x711bf59288b0>, verb_extension=<colcon_core.verb.build.BuildVerb object at 0x711bf5928340>, main=<bound method BuildVerb.main of <colcon_core.verb.build.BuildVerb object at 0x711bf5928340>>, mixin_verb=('build',))[0m
[0.613s] [34mcolcon.colcon_core.package_discovery[0m [1;30mLevel 1[0m discover_packages(colcon_meta) check parameters
[0.614s] [34mcolcon.colcon_core.package_discovery[0m [1;30mLevel 1[0m discover_packages(recursive) check parameters
[0.614s] [34mcolcon.colcon_core.package_discovery[0m [1;30mLevel 1[0m discover_packages(ignore) check parameters
[0.614s] [34mcolcon.colcon_core.package_discovery[0m [1;30mLevel 1[0m discover_packages(path) check parameters
[0.614s] [34mcolcon.colcon_core.package_discovery[0m [1;30mLevel 1[0m discover_packages(colcon_meta) discover
[0.614s] [34mcolcon.colcon_core.package_discovery[0m [1;30mLevel 1[0m discover_packages(recursive) discover
[0.614s] [34mcolcon.colcon_core.package_discovery[0m [1;30mINFO[0m Crawling recursively for packages in '/home/andreazanasi/Desktop/MMR/try_lifecycle_manager'
[0.614s] [34mcolcon.colcon_core.package_identification[0m [1;30mLevel 1[0m _identify(.) by extensions ['ignore', 'ignore_ament_install']
[0.615s] [34mcolcon.colcon_core.package_identification[0m [1;30mLevel 1[0m _identify(.) by extension 'ignore'
[0.615s] [34mcolcon.colcon_core.package_identification[0m [1;30mLevel 1[0m _identify(.) by extension 'ignore_ament_install'
[0.615s] [34mcolcon.colcon_core.package_identification[0m [1;30mLevel 1[0m _identify(.) by extensions ['colcon_pkg']
[0.615s] [34mcolcon.colcon_core.package_identification[0m [1;30mLevel 1[0m _identify(.) by extension 'colcon_pkg'
[0.615s] [34mcolcon.colcon_core.package_identification[0m [1;30mLevel 1[0m _identify(.) by extensions ['colcon_meta']
[0.615s] [34mcolcon.colcon_core.package_identification[0m [1;30mLevel 1[0m _identify(.) by extension 'colcon_meta'
[0.615s] [34mcolcon.colcon_core.package_identification[0m [1;30mLevel 1[0m _identify(.) by extensions ['ros']
[0.615s] [34mcolcon.colcon_core.package_identification[0m [1;30mLevel 1[0m _identify(.) by extension 'ros'
[0.686s] [34mcolcon.colcon_core.package_identification[0m [1;30mLevel 1[0m _identify(.) by extensions ['cmake', 'python']
[0.686s] [34mcolcon.colcon_core.package_identification[0m [1;30mLevel 1[0m _identify(.) by extension 'cmake'
[0.687s] [34mcolcon.colcon_core.package_identification[0m [1;30mLevel 1[0m _identify(.) by extension 'python'
[0.687s] [34mcolcon.colcon_core.package_identification[0m [1;30mLevel 1[0m _identify(.) by extensions ['python_setup_py']
[0.687s] [34mcolcon.colcon_core.package_identification[0m [1;30mLevel 1[0m _identify(.) by extension 'python_setup_py'
[0.687s] [34mcolcon.colcon_core.package_identification[0m [1;30mLevel 1[0m _identify(build) by extensions ['ignore', 'ignore_ament_install']
[0.687s] [34mcolcon.colcon_core.package_identification[0m [1;30mLevel 1[0m _identify(build) by extension 'ignore'
[0.687s] [34mcolcon.colcon_core.package_identification[0m [1;30mLevel 1[0m _identify(build) ignored
[0.688s] [34mcolcon.colcon_core.package_identification[0m [1;30mLevel 1[0m _identify(install) by extensions ['ignore', 'ignore_ament_install']
[0.688s] [34mcolcon.colcon_core.package_identification[0m [1;30mLevel 1[0m _identify(install) by extension 'ignore'
[0.688s] [34mcolcon.colcon_core.package_identification[0m [1;30mLevel 1[0m _identify(install) ignored
[0.688s] [34mcolcon.colcon_core.package_identification[0m [1;30mLevel 1[0m _identify(log) by extensions ['ignore', 'ignore_ament_install']
[0.688s] [34mcolcon.colcon_core.package_identification[0m [1;30mLevel 1[0m _identify(log) by extension 'ignore'
[0.689s] [34mcolcon.colcon_core.package_identification[0m [1;30mLevel 1[0m _identify(log) ignored
[0.689s] [34mcolcon.colcon_core.package_identification[0m [1;30mLevel 1[0m _identify(src) by extensions ['ignore', 'ignore_ament_install']
[0.689s] [34mcolcon.colcon_core.package_identification[0m [1;30mLevel 1[0m _identify(src) by extension 'ignore'
[0.689s] [34mcolcon.colcon_core.package_identification[0m [1;30mLevel 1[0m _identify(src) by extension 'ignore_ament_install'
[0.689s] [34mcolcon.colcon_core.package_identification[0m [1;30mLevel 1[0m _identify(src) by extensions ['colcon_pkg']
[0.689s] [34mcolcon.colcon_core.package_identification[0m [1;30mLevel 1[0m _identify(src) by extension 'colcon_pkg'
[0.689s] [34mcolcon.colcon_core.package_identification[0m [1;30mLevel 1[0m _identify(src) by extensions ['colcon_meta']
[0.689s] [34mcolcon.colcon_core.package_identification[0m [1;30mLevel 1[0m _identify(src) by extension 'colcon_meta'
[0.690s] [34mcolcon.colcon_core.package_identification[0m [1;30mLevel 1[0m _identify(src) by extensions ['ros']
[0.690s] [34mcolcon.colcon_core.package_identification[0m [1;30mLevel 1[0m _identify(src) by extension 'ros'
[0.690s] [34mcolcon.colcon_core.package_identification[0m [1;30mLevel 1[0m _identify(src) by extensions ['cmake', 'python']
[0.690s] [34mcolcon.colcon_core.package_identification[0m [1;30mLevel 1[0m _identify(src) by extension 'cmake'
[0.690s] [34mcolcon.colcon_core.package_identification[0m [1;30mLevel 1[0m _identify(src) by extension 'python'
[0.690s] [34mcolcon.colcon_core.package_identification[0m [1;30mLevel 1[0m _identify(src) by extensions ['python_setup_py']
[0.690s] [34mcolcon.colcon_core.package_identification[0m [1;30mLevel 1[0m _identify(src) by extension 'python_setup_py'
[0.690s] [34mcolcon.colcon_core.package_identification[0m [1;30mLevel 1[0m _identify(src/life_manager) by extensions ['ignore', 'ignore_ament_install']
[0.691s] [34mcolcon.colcon_core.package_identification[0m [1;30mLevel 1[0m _identify(src/life_manager) by extension 'ignore'
[0.691s] [34mcolcon.colcon_core.package_identification[0m [1;30mLevel 1[0m _identify(src/life_manager) by extension 'ignore_ament_install'
[0.691s] [34mcolcon.colcon_core.package_identification[0m [1;30mLevel 1[0m _identify(src/life_manager) by extensions ['colcon_pkg']
[0.691s] [34mcolcon.colcon_core.package_identification[0m [1;30mLevel 1[0m _identify(src/life_manager) by extension 'colcon_pkg'
[0.691s] [34mcolcon.colcon_core.package_identification[0m [1;30mLevel 1[0m _identify(src/life_manager) by extensions ['colcon_meta']
[0.691s] [34mcolcon.colcon_core.package_identification[0m [1;30mLevel 1[0m _identify(src/life_manager) by extension 'colcon_meta'
[0.691s] [34mcolcon.colcon_core.package_identification[0m [1;30mLevel 1[0m _identify(src/life_manager) by extensions ['ros']
[0.691s] [34mcolcon.colcon_core.package_identification[0m [1;30mLevel 1[0m _identify(src/life_manager) by extension 'ros'
[0.696s] [34mcolcon.colcon_core.package_identification[0m [1;30mDEBUG[0m [32mPackage 'src/life_manager' with type 'ros.ament_cmake' and name 'life_manager'[0m
[0.696s] [34mcolcon.colcon_core.package_identification[0m [1;30mLevel 1[0m _identify(src/node_1) by extensions ['ignore', 'ignore_ament_install']
[0.697s] [34mcolcon.colcon_core.package_identification[0m [1;30mLevel 1[0m _identify(src/node_1) by extension 'ignore'
[0.697s] [34mcolcon.colcon_core.package_identification[0m [1;30mLevel 1[0m _identify(src/node_1) by extension 'ignore_ament_install'
[0.697s] [34mcolcon.colcon_core.package_identification[0m [1;30mLevel 1[0m _identify(src/node_1) by extensions ['colcon_pkg']
[0.697s] [34mcolcon.colcon_core.package_identification[0m [1;30mLevel 1[0m _identify(src/node_1) by extension 'colcon_pkg'
[0.697s] [34mcolcon.colcon_core.package_identification[0m [1;30mLevel 1[0m _identify(src/node_1) by extensions ['colcon_meta']
[0.698s] [34mcolcon.colcon_core.package_identification[0m [1;30mLevel 1[0m _identify(src/node_1) by extension 'colcon_meta'
[0.698s] [34mcolcon.colcon_core.package_identification[0m [1;30mLevel 1[0m _identify(src/node_1) by extensions ['ros']
[0.698s] [34mcolcon.colcon_core.package_identification[0m [1;30mLevel 1[0m _identify(src/node_1) by extension 'ros'
[0.699s] [34mcolcon.colcon_core.package_identification[0m [1;30mDEBUG[0m [32mPackage 'src/node_1' with type 'ros.ament_cmake' and name 'node_1'[0m
[0.700s] [34mcolcon.colcon_core.package_identification[0m [1;30mLevel 1[0m _identify(src/node_2) by extensions ['ignore', 'ignore_ament_install']
[0.700s] [34mcolcon.colcon_core.package_identification[0m [1;30mLevel 1[0m _identify(src/node_2) by extension 'ignore'
[0.700s] [34mcolcon.colcon_core.package_identification[0m [1;30mLevel 1[0m _identify(src/node_2) by extension 'ignore_ament_install'
[0.701s] [34mcolcon.colcon_core.package_identification[0m [1;30mLevel 1[0m _identify(src/node_2) by extensions ['colcon_pkg']
[0.701s] [34mcolcon.colcon_core.package_identification[0m [1;30mLevel 1[0m _identify(src/node_2) by extension 'colcon_pkg'
[0.701s] [34mcolcon.colcon_core.package_identification[0m [1;30mLevel 1[0m _identify(src/node_2) by extensions ['colcon_meta']
[0.701s] [34mcolcon.colcon_core.package_identification[0m [1;30mLevel 1[0m _identify(src/node_2) by extension 'colcon_meta'
[0.701s] [34mcolcon.colcon_core.package_identification[0m [1;30mLevel 1[0m _identify(src/node_2) by extensions ['ros']
[0.701s] [34mcolcon.colcon_core.package_identification[0m [1;30mLevel 1[0m _identify(src/node_2) by extension 'ros'
[0.702s] [34mcolcon.colcon_core.package_identification[0m [1;30mDEBUG[0m [32mPackage 'src/node_2' with type 'ros.ament_cmake' and name 'node_2'[0m
[0.702s] [34mcolcon.colcon_core.package_discovery[0m [1;30mLevel 1[0m discover_packages(recursive) using defaults
[0.703s] [34mcolcon.colcon_core.package_discovery[0m [1;30mLevel 1[0m discover_packages(ignore) discover
[0.703s] [34mcolcon.colcon_core.package_discovery[0m [1;30mLevel 1[0m discover_packages(ignore) using defaults
[0.703s] [34mcolcon.colcon_core.package_discovery[0m [1;30mLevel 1[0m discover_packages(path) discover
[0.703s] [34mcolcon.colcon_core.package_discovery[0m [1;30mLevel 1[0m discover_packages(path) using defaults
[0.729s] [34mcolcon.colcon_core.package_discovery[0m [1;30mLevel 1[0m discover_packages(prefix_path) check parameters
[0.730s] [34mcolcon.colcon_core.package_discovery[0m [1;30mLevel 1[0m discover_packages(prefix_path) discover
[0.733s] [34mcolcon.colcon_installed_package_information.package_discovery[0m [1;30mDEBUG[0m [32mFound 1 installed packages in /home/andreazanasi/Desktop/MMR/lifecycle/install[0m
[0.735s] [34mcolcon.colcon_installed_package_information.package_discovery[0m [1;30mDEBUG[0m [32mFound 8 installed packages in /home/andreazanasi/Desktop/MMR/mmr-kria-drive/install[0m
[0.737s] [34mcolcon.colcon_installed_package_information.package_discovery[0m [1;30mDEBUG[0m [32mFound 187 installed packages in /opt/ros/humble[0m
[0.738s] [34mcolcon.colcon_core.package_discovery[0m [1;30mLevel 1[0m discover_packages(prefix_path) using defaults
[0.778s] [34mcolcon.colcon_core.verb[0m [1;30mLevel 5[0m set package 'life_manager' build argument 'cmake_args' from command line to 'None'
[0.778s] [34mcolcon.colcon_core.verb[0m [1;30mLevel 5[0m set package 'life_manager' build argument 'cmake_target' from command line to 'None'
[0.778s] [34mcolcon.colcon_core.verb[0m [1;30mLevel 5[0m set package 'life_manager' build argument 'cmake_target_skip_unavailable' from command line to 'False'
[0.778s] [34mcolcon.colcon_core.verb[0m [1;30mLevel 5[0m set package 'life_manager' build argument 'cmake_clean_cache' from command line to 'False'
[0.778s] [34mcolcon.colcon_core.verb[0m [1;30mLevel 5[0m set package 'life_manager' build argument 'cmake_clean_first' from command line to 'False'
[0.778s] [34mcolcon.colcon_core.verb[0m [1;30mLevel 5[0m set package 'life_manager' build argument 'cmake_force_configure' from command line to 'False'
[0.778s] [34mcolcon.colcon_core.verb[0m [1;30mLevel 5[0m set package 'life_manager' build argument 'ament_cmake_args' from command line to 'None'
[0.778s] [34mcolcon.colcon_core.verb[0m [1;30mLevel 5[0m set package 'life_manager' build argument 'catkin_cmake_args' from command line to 'None'
[0.778s] [34mcolcon.colcon_core.verb[0m [1;30mLevel 5[0m set package 'life_manager' build argument 'catkin_skip_building_tests' from command line to 'False'
[0.779s] [34mcolcon.colcon_core.verb[0m [1;30mDEBUG[0m [32mBuilding package 'life_manager' with the following arguments: {'ament_cmake_args': None, 'build_base': '/home/andreazanasi/Desktop/MMR/try_lifecycle_manager/build/life_manager', 'catkin_cmake_args': None, 'catkin_skip_building_tests': False, 'cmake_args': None, 'cmake_clean_cache': False, 'cmake_clean_first': False, 'cmake_force_configure': False, 'cmake_target': None, 'cmake_target_skip_unavailable': False, 'install_base': '/home/andreazanasi/Desktop/MMR/try_lifecycle_manager/install/life_manager', 'merge_install': False, 'path': '/home/andreazanasi/Desktop/MMR/try_lifecycle_manager/src/life_manager', 'symlink_install': False, 'test_result_base': None}[0m
[0.779s] [34mcolcon.colcon_core.verb[0m [1;30mLevel 5[0m set package 'node_1' build argument 'cmake_args' from command line to 'None'
[0.779s] [34mcolcon.colcon_core.verb[0m [1;30mLevel 5[0m set package 'node_1' build argument 'cmake_target' from command line to 'None'
[0.779s] [34mcolcon.colcon_core.verb[0m [1;30mLevel 5[0m set package 'node_1' build argument 'cmake_target_skip_unavailable' from command line to 'False'
[0.779s] [34mcolcon.colcon_core.verb[0m [1;30mLevel 5[0m set package 'node_1' build argument 'cmake_clean_cache' from command line to 'False'
[0.780s] [34mcolcon.colcon_core.verb[0m [1;30mLevel 5[0m set package 'node_1' build argument 'cmake_clean_first' from command line to 'False'
[0.780s] [34mcolcon.colcon_core.verb[0m [1;30mLevel 5[0m set package 'node_1' build argument 'cmake_force_configure' from command line to 'False'
[0.780s] [34mcolcon.colcon_core.verb[0m [1;30mLevel 5[0m set package 'node_1' build argument 'ament_cmake_args' from command line to 'None'
[0.780s] [34mcolcon.colcon_core.verb[0m [1;30mLevel 5[0m set package 'node_1' build argument 'catkin_cmake_args' from command line to 'None'
[0.780s] [34mcolcon.colcon_core.verb[0m [1;30mLevel 5[0m set package 'node_1' build argument 'catkin_skip_building_tests' from command line to 'False'
[0.780s] [34mcolcon.colcon_core.verb[0m [1;30mDEBUG[0m [32mBuilding package 'node_1' with the following arguments: {'ament_cmake_args': None, 'build_base': '/home/andreazanasi/Desktop/MMR/try_lifecycle_manager/build/node_1', 'catkin_cmake_args': None, 'catkin_skip_building_tests': False, 'cmake_args': None, 'cmake_clean_cache': False, 'cmake_clean_first': False, 'cmake_force_configure': False, 'cmake_target': None, 'cmake_target_skip_unavailable': False, 'install_base': '/home/andreazanasi/Desktop/MMR/try_lifecycle_manager/install/node_1', 'merge_install': False, 'path': '/home/andreazanasi/Desktop/MMR/try_lifecycle_manager/src/node_1', 'symlink_install': False, 'test_result_base': None}[0m
[0.781s] [34mcolcon.colcon_core.verb[0m [1;30mLevel 5[0m set package 'node_2' build argument 'cmake_args' from command line to 'None'
[0.781s] [34mcolcon.colcon_core.verb[0m [1;30mLevel 5[0m set package 'node_2' build argument 'cmake_target' from command line to 'None'
[0.781s] [34mcolcon.colcon_core.verb[0m [1;30mLevel 5[0m set package 'node_2' build argument 'cmake_target_skip_unavailable' from command line to 'False'
[0.781s] [34mcolcon.colcon_core.verb[0m [1;30mLevel 5[0m set package 'node_2' build argument 'cmake_clean_cache' from command line to 'False'
[0.781s] [34mcolcon.colcon_core.verb[0m [1;30mLevel 5[0m set package 'node_2' build argument 'cmake_clean_first' from command line to 'False'
[0.781s] [34mcolcon.colcon_core.verb[0m [1;30mLevel 5[0m set package 'node_2' build argument 'cmake_force_configure' from command line to 'False'
[0.781s] [34mcolcon.colcon_core.verb[0m [1;30mLevel 5[0m set package 'node_2' build argument 'ament_cmake_args' from command line to 'None'
[0.781s] [34mcolcon.colcon_core.verb[0m [1;30mLevel 5[0m set package 'node_2' build argument 'catkin_cmake_args' from command line to 'None'
[0.781s] [34mcolcon.colcon_core.verb[0m [1;30mLevel 5[0m set package 'node_2' build argument 'catkin_skip_building_tests' from command line to 'False'
[0.781s] [34mcolcon.colcon_core.verb[0m [1;30mDEBUG[0m [32mBuilding package 'node_2' with the following arguments: {'ament_cmake_args': None, 'build_base': '/home/andreazanasi/Desktop/MMR/try_lifecycle_manager/build/node_2', 'catkin_cmake_args': None, 'catkin_skip_building_tests': False, 'cmake_args': None, 'cmake_clean_cache': False, 'cmake_clean_first': False, 'cmake_force_configure': False, 'cmake_target': None, 'cmake_target_skip_unavailable': False, 'install_base': '/home/andreazanasi/Desktop/MMR/try_lifecycle_manager/install/node_2', 'merge_install': False, 'path': '/home/andreazanasi/Desktop/MMR/try_lifecycle_manager/src/node_2', 'symlink_install': False, 'test_result_base': None}[0m
[0.782s] [34mcolcon.colcon_core.executor[0m [1;30mINFO[0m Executing jobs using 'parallel' executor
[0.783s] [34mcolcon.colcon_parallel_executor.executor.parallel[0m [1;30mDEBUG[0m [32mrun_until_complete[0m
[0.784s] [34mcolcon.colcon_ros.task.ament_cmake.build[0m [1;30mINFO[0m Building ROS package in '/home/andreazanasi/Desktop/MMR/try_lifecycle_manager/src/life_manager' with build type 'ament_cmake'
[0.784s] [34mcolcon.colcon_cmake.task.cmake.build[0m [1;30mINFO[0m Building CMake package in '/home/andreazanasi/Desktop/MMR/try_lifecycle_manager/src/life_manager'
[0.789s] [34mcolcon.colcon_core.plugin_system[0m [1;30mINFO[0m Skipping extension 'colcon_core.shell.bat': Not used on non-Windows systems
[0.789s] [34mcolcon.colcon_core.shell[0m [1;30mINFO[0m Skip shell extension 'powershell' for command environment: Not usable outside of PowerShell
[0.789s] [34mcolcon.colcon_core.shell[0m [1;30mDEBUG[0m [32mSkip shell extension 'dsv' for command environment[0m
[0.799s] [34mcolcon.colcon_ros.task.ament_cmake.build[0m [1;30mINFO[0m Building ROS package in '/home/andreazanasi/Desktop/MMR/try_lifecycle_manager/src/node_1' with build type 'ament_cmake'
[0.799s] [34mcolcon.colcon_cmake.task.cmake.build[0m [1;30mINFO[0m Building CMake package in '/home/andreazanasi/Desktop/MMR/try_lifecycle_manager/src/node_1'
[0.800s] [34mcolcon.colcon_core.shell[0m [1;30mINFO[0m Skip shell extension 'powershell' for command environment: Not usable outside of PowerShell
[0.800s] [34mcolcon.colcon_core.shell[0m [1;30mDEBUG[0m [32mSkip shell extension 'dsv' for command environment[0m
[0.808s] [34mcolcon.colcon_ros.task.ament_cmake.build[0m [1;30mINFO[0m Building ROS package in '/home/andreazanasi/Desktop/MMR/try_lifecycle_manager/src/node_2' with build type 'ament_cmake'
[0.808s] [34mcolcon.colcon_cmake.task.cmake.build[0m [1;30mINFO[0m Building CMake package in '/home/andreazanasi/Desktop/MMR/try_lifecycle_manager/src/node_2'
[0.809s] [34mcolcon.colcon_core.shell[0m [1;30mINFO[0m Skip shell extension 'powershell' for command environment: Not usable outside of PowerShell
[0.809s] [34mcolcon.colcon_core.shell[0m [1;30mDEBUG[0m [32mSkip shell extension 'dsv' for command environment[0m
[0.831s] [34mcolcon.colcon_core.event_handler.log_command[0m [1;30mDEBUG[0m [32mInvoking command in '/home/andreazanasi/Desktop/MMR/try_lifecycle_manager/build/life_manager': CMAKE_PREFIX_PATH=${CMAKE_PREFIX_PATH}:/home/andreazanasi/Desktop/MMR/mmr-kria-drive/install/clutch_plotter:/opt/ros/humble /usr/bin/cmake --build /home/andreazanasi/Desktop/MMR/try_lifecycle_manager/build/life_manager -- -j4 -l4[0m
[0.836s] [34mcolcon.colcon_core.event_handler.log_command[0m [1;30mDEBUG[0m [32mInvoking command in '/home/andreazanasi/Desktop/MMR/try_lifecycle_manager/build/node_1': CMAKE_PREFIX_PATH=${CMAKE_PREFIX_PATH}:/home/andreazanasi/Desktop/MMR/mmr-kria-drive/install/clutch_plotter:/opt/ros/humble /usr/bin/cmake --build /home/andreazanasi/Desktop/MMR/try_lifecycle_manager/build/node_1 -- -j4 -l4[0m
[0.843s] [34mcolcon.colcon_core.event_handler.log_command[0m [1;30mDEBUG[0m [32mInvoking command in '/home/andreazanasi/Desktop/MMR/try_lifecycle_manager/build/node_2': CMAKE_PREFIX_PATH=${CMAKE_PREFIX_PATH}:/home/andreazanasi/Desktop/MMR/mmr-kria-drive/install/clutch_plotter:/opt/ros/humble /usr/bin/cmake --build /home/andreazanasi/Desktop/MMR/try_lifecycle_manager/build/node_2 -- -j4 -l4[0m
[1.018s] [34mcolcon.colcon_core.event_handler.log_command[0m [1;30mDEBUG[0m [32mInvoked command in '/home/andreazanasi/Desktop/MMR/try_lifecycle_manager/build/node_2' returned '0': CMAKE_PREFIX_PATH=${CMAKE_PREFIX_PATH}:/home/andreazanasi/Desktop/MMR/mmr-kria-drive/install/clutch_plotter:/opt/ros/humble /usr/bin/cmake --build /home/andreazanasi/Desktop/MMR/try_lifecycle_manager/build/node_2 -- -j4 -l4[0m
[1.045s] [34mcolcon.colcon_core.event_handler.log_command[0m [1;30mDEBUG[0m [32mInvoking command in '/home/andreazanasi/Desktop/MMR/try_lifecycle_manager/build/node_2': CMAKE_PREFIX_PATH=${CMAKE_PREFIX_PATH}:/home/andreazanasi/Desktop/MMR/mmr-kria-drive/install/clutch_plotter:/opt/ros/humble /usr/bin/cmake --install /home/andreazanasi/Desktop/MMR/try_lifecycle_manager/build/node_2[0m
[1.072s] [34mcolcon.colcon_core.event_handler.log_command[0m [1;30mDEBUG[0m [32mInvoked command in '/home/andreazanasi/Desktop/MMR/try_lifecycle_manager/build/node_1' returned '0': CMAKE_PREFIX_PATH=${CMAKE_PREFIX_PATH}:/home/andreazanasi/Desktop/MMR/mmr-kria-drive/install/clutch_plotter:/opt/ros/humble /usr/bin/cmake --build /home/andreazanasi/Desktop/MMR/try_lifecycle_manager/build/node_1 -- -j4 -l4[0m
[1.073s] [34mcolcon.colcon_core.event_handler.log_command[0m [1;30mDEBUG[0m [32mInvoking command in '/home/andreazanasi/Desktop/MMR/try_lifecycle_manager/build/node_1': CMAKE_PREFIX_PATH=${CMAKE_PREFIX_PATH}:/home/andreazanasi/Desktop/MMR/mmr-kria-drive/install/clutch_plotter:/opt/ros/humble /usr/bin/cmake --install /home/andreazanasi/Desktop/MMR/try_lifecycle_manager/build/node_1[0m
[1.095s] [34mcolcon.colcon_core.environment[0m [1;30mLevel 1[0m create_environment_scripts_only(node_2)
[1.098s] [34mcolcon.colcon_core.event_handler.log_command[0m [1;30mDEBUG[0m [32mInvoked command in '/home/andreazanasi/Desktop/MMR/try_lifecycle_manager/build/node_2' returned '0': CMAKE_PREFIX_PATH=${CMAKE_PREFIX_PATH}:/home/andreazanasi/Desktop/MMR/mmr-kria-drive/install/clutch_plotter:/opt/ros/humble /usr/bin/cmake --install /home/andreazanasi/Desktop/MMR/try_lifecycle_manager/build/node_2[0m
[1.114s] [34mcolcon.colcon_core.environment[0m [1;30mLevel 1[0m checking '/home/andreazanasi/Desktop/MMR/try_lifecycle_manager/install/node_2' for CMake module files
[1.120s] [34mcolcon.colcon_core.environment[0m [1;30mLevel 1[0m checking '/home/andreazanasi/Desktop/MMR/try_lifecycle_manager/install/node_2' for CMake config files
[1.123s] [34mcolcon.colcon_core.shell[0m [1;30mLevel 1[0m create_environment_hook('node_2', 'cmake_prefix_path')
[1.125s] [34mcolcon.colcon_core.shell[0m [1;30mINFO[0m Creating environment hook '/home/andreazanasi/Desktop/MMR/try_lifecycle_manager/install/node_2/share/node_2/hook/cmake_prefix_path.ps1'
[1.135s] [34mcolcon.colcon_core.shell[0m [1;30mINFO[0m Creating environment descriptor '/home/andreazanasi/Desktop/MMR/try_lifecycle_manager/install/node_2/share/node_2/hook/cmake_prefix_path.dsv'
[1.136s] [34mcolcon.colcon_core.shell[0m [1;30mINFO[0m Creating environment hook '/home/andreazanasi/Desktop/MMR/try_lifecycle_manager/install/node_2/share/node_2/hook/cmake_prefix_path.sh'
[1.142s] [34mcolcon.colcon_core.environment[0m [1;30mLevel 1[0m checking '/home/andreazanasi/Desktop/MMR/try_lifecycle_manager/install/node_2/lib'
[1.143s] [34mcolcon.colcon_core.environment[0m [1;30mLevel 1[0m checking '/home/andreazanasi/Desktop/MMR/try_lifecycle_manager/install/node_2/bin'
[1.143s] [34mcolcon.colcon_core.environment[0m [1;30mLevel 1[0m checking '/home/andreazanasi/Desktop/MMR/try_lifecycle_manager/install/node_2/lib/pkgconfig/node_2.pc'
[1.144s] [34mcolcon.colcon_core.environment[0m [1;30mLevel 1[0m checking '/home/andreazanasi/Desktop/MMR/try_lifecycle_manager/install/node_2/lib/python3.10/site-packages'
[1.144s] [34mcolcon.colcon_core.environment[0m [1;30mLevel 1[0m checking '/home/andreazanasi/Desktop/MMR/try_lifecycle_manager/install/node_2/bin'
[1.145s] [34mcolcon.colcon_core.shell[0m [1;30mINFO[0m Creating package script '/home/andreazanasi/Desktop/MMR/try_lifecycle_manager/install/node_2/share/node_2/package.ps1'
[1.147s] [34mcolcon.colcon_core.shell[0m [1;30mINFO[0m Creating package descriptor '/home/andreazanasi/Desktop/MMR/try_lifecycle_manager/install/node_2/share/node_2/package.dsv'
[1.148s] [34mcolcon.colcon_core.shell[0m [1;30mINFO[0m Creating package script '/home/andreazanasi/Desktop/MMR/try_lifecycle_manager/install/node_2/share/node_2/package.sh'
[1.150s] [34mcolcon.colcon_core.shell[0m [1;30mINFO[0m Creating package script '/home/andreazanasi/Desktop/MMR/try_lifecycle_manager/install/node_2/share/node_2/package.bash'
[1.152s] [34mcolcon.colcon_core.shell[0m [1;30mINFO[0m Creating package script '/home/andreazanasi/Desktop/MMR/try_lifecycle_manager/install/node_2/share/node_2/package.zsh'
[1.154s] [34mcolcon.colcon_core.environment[0m [1;30mLevel 1[0m create_file_with_runtime_dependencies(/home/andreazanasi/Desktop/MMR/try_lifecycle_manager/install/node_2/share/colcon-core/packages/node_2)
[1.155s] [34mcolcon.colcon_core.environment[0m [1;30mLevel 1[0m create_environment_scripts_only(node_2)
[1.156s] [34mcolcon.colcon_core.environment[0m [1;30mLevel 1[0m checking '/home/andreazanasi/Desktop/MMR/try_lifecycle_manager/install/node_2' for CMake module files
[1.157s] [34mcolcon.colcon_core.environment[0m [1;30mLevel 1[0m checking '/home/andreazanasi/Desktop/MMR/try_lifecycle_manager/install/node_2' for CMake config files
[1.157s] [34mcolcon.colcon_core.shell[0m [1;30mLevel 1[0m create_environment_hook('node_2', 'cmake_prefix_path')
[1.158s] [34mcolcon.colcon_core.shell[0m [1;30mINFO[0m Creating environment hook '/home/andreazanasi/Desktop/MMR/try_lifecycle_manager/install/node_2/share/node_2/hook/cmake_prefix_path.ps1'
[1.159s] [34mcolcon.colcon_core.shell[0m [1;30mINFO[0m Creating environment descriptor '/home/andreazanasi/Desktop/MMR/try_lifecycle_manager/install/node_2/share/node_2/hook/cmake_prefix_path.dsv'
[1.160s] [34mcolcon.colcon_core.shell[0m [1;30mINFO[0m Creating environment hook '/home/andreazanasi/Desktop/MMR/try_lifecycle_manager/install/node_2/share/node_2/hook/cmake_prefix_path.sh'
[1.163s] [34mcolcon.colcon_core.environment[0m [1;30mLevel 1[0m checking '/home/andreazanasi/Desktop/MMR/try_lifecycle_manager/install/node_2/lib'
[1.163s] [34mcolcon.colcon_core.environment[0m [1;30mLevel 1[0m checking '/home/andreazanasi/Desktop/MMR/try_lifecycle_manager/install/node_2/bin'
[1.163s] [34mcolcon.colcon_core.environment[0m [1;30mLevel 1[0m checking '/home/andreazanasi/Desktop/MMR/try_lifecycle_manager/install/node_2/lib/pkgconfig/node_2.pc'
[1.164s] [34mcolcon.colcon_core.environment[0m [1;30mLevel 1[0m checking '/home/andreazanasi/Desktop/MMR/try_lifecycle_manager/install/node_2/lib/python3.10/site-packages'
[1.164s] [34mcolcon.colcon_core.environment[0m [1;30mLevel 1[0m checking '/home/andreazanasi/Desktop/MMR/try_lifecycle_manager/install/node_2/bin'
[1.166s] [34mcolcon.colcon_core.shell[0m [1;30mINFO[0m Creating package script '/home/andreazanasi/Desktop/MMR/try_lifecycle_manager/install/node_2/share/node_2/package.ps1'
[1.168s] [34mcolcon.colcon_core.shell[0m [1;30mINFO[0m Creating package descriptor '/home/andreazanasi/Desktop/MMR/try_lifecycle_manager/install/node_2/share/node_2/package.dsv'
[1.170s] [34mcolcon.colcon_core.shell[0m [1;30mINFO[0m Creating package script '/home/andreazanasi/Desktop/MMR/try_lifecycle_manager/install/node_2/share/node_2/package.sh'
[1.171s] [34mcolcon.colcon_core.shell[0m [1;30mINFO[0m Creating package script '/home/andreazanasi/Desktop/MMR/try_lifecycle_manager/install/node_2/share/node_2/package.bash'
[1.173s] [34mcolcon.colcon_core.shell[0m [1;30mINFO[0m Creating package script '/home/andreazanasi/Desktop/MMR/try_lifecycle_manager/install/node_2/share/node_2/package.zsh'
[1.175s] [34mcolcon.colcon_core.environment[0m [1;30mLevel 1[0m create_file_with_runtime_dependencies(/home/andreazanasi/Desktop/MMR/try_lifecycle_manager/install/node_2/share/colcon-core/packages/node_2)
[1.178s] [34mcolcon.colcon_core.environment[0m [1;30mLevel 1[0m create_environment_scripts_only(node_1)
[1.179s] [34mcolcon.colcon_core.environment[0m [1;30mLevel 1[0m checking '/home/andreazanasi/Desktop/MMR/try_lifecycle_manager/install/node_1' for CMake module files
[1.180s] [34mcolcon.colcon_core.event_handler.log_command[0m [1;30mDEBUG[0m [32mInvoked command in '/home/andreazanasi/Desktop/MMR/try_lifecycle_manager/build/node_1' returned '0': CMAKE_PREFIX_PATH=${CMAKE_PREFIX_PATH}:/home/andreazanasi/Desktop/MMR/mmr-kria-drive/install/clutch_plotter:/opt/ros/humble /usr/bin/cmake --install /home/andreazanasi/Desktop/MMR/try_lifecycle_manager/build/node_1[0m
[1.182s] [34mcolcon.colcon_core.environment[0m [1;30mLevel 1[0m checking '/home/andreazanasi/Desktop/MMR/try_lifecycle_manager/install/node_1' for CMake config files
[1.183s] [34mcolcon.colcon_core.shell[0m [1;30mLevel 1[0m create_environment_hook('node_1', 'cmake_prefix_path')
[1.184s] [34mcolcon.colcon_core.shell[0m [1;30mINFO[0m Creating environment hook '/home/andreazanasi/Desktop/MMR/try_lifecycle_manager/install/node_1/share/node_1/hook/cmake_prefix_path.ps1'
[1.186s] [34mcolcon.colcon_core.shell[0m [1;30mINFO[0m Creating environment descriptor '/home/andreazanasi/Desktop/MMR/try_lifecycle_manager/install/node_1/share/node_1/hook/cmake_prefix_path.dsv'
[1.188s] [34mcolcon.colcon_core.shell[0m [1;30mINFO[0m Creating environment hook '/home/andreazanasi/Desktop/MMR/try_lifecycle_manager/install/node_1/share/node_1/hook/cmake_prefix_path.sh'
[1.191s] [34mcolcon.colcon_core.environment[0m [1;30mLevel 1[0m checking '/home/andreazanasi/Desktop/MMR/try_lifecycle_manager/install/node_1/lib'
[1.191s] [34mcolcon.colcon_core.environment[0m [1;30mLevel 1[0m checking '/home/andreazanasi/Desktop/MMR/try_lifecycle_manager/install/node_1/bin'
[1.191s] [34mcolcon.colcon_core.environment[0m [1;30mLevel 1[0m checking '/home/andreazanasi/Desktop/MMR/try_lifecycle_manager/install/node_1/lib/pkgconfig/node_1.pc'
[1.192s] [34mcolcon.colcon_core.environment[0m [1;30mLevel 1[0m checking '/home/andreazanasi/Desktop/MMR/try_lifecycle_manager/install/node_1/lib/python3.10/site-packages'
[1.193s] [34mcolcon.colcon_core.environment[0m [1;30mLevel 1[0m checking '/home/andreazanasi/Desktop/MMR/try_lifecycle_manager/install/node_1/bin'
[1.194s] [34mcolcon.colcon_core.shell[0m [1;30mINFO[0m Creating package script '/home/andreazanasi/Desktop/MMR/try_lifecycle_manager/install/node_1/share/node_1/package.ps1'
[1.195s] [34mcolcon.colcon_core.shell[0m [1;30mINFO[0m Creating package descriptor '/home/andreazanasi/Desktop/MMR/try_lifecycle_manager/install/node_1/share/node_1/package.dsv'
[1.198s] [34mcolcon.colcon_core.shell[0m [1;30mINFO[0m Creating package script '/home/andreazanasi/Desktop/MMR/try_lifecycle_manager/install/node_1/share/node_1/package.sh'
[1.199s] [34mcolcon.colcon_core.shell[0m [1;30mINFO[0m Creating package script '/home/andreazanasi/Desktop/MMR/try_lifecycle_manager/install/node_1/share/node_1/package.bash'
[1.200s] [34mcolcon.colcon_core.shell[0m [1;30mINFO[0m Creating package script '/home/andreazanasi/Desktop/MMR/try_lifecycle_manager/install/node_1/share/node_1/package.zsh'
[1.203s] [34mcolcon.colcon_core.environment[0m [1;30mLevel 1[0m create_file_with_runtime_dependencies(/home/andreazanasi/Desktop/MMR/try_lifecycle_manager/install/node_1/share/colcon-core/packages/node_1)
[1.204s] [34mcolcon.colcon_core.environment[0m [1;30mLevel 1[0m create_environment_scripts_only(node_1)
[1.206s] [34mcolcon.colcon_core.environment[0m [1;30mLevel 1[0m checking '/home/andreazanasi/Desktop/MMR/try_lifecycle_manager/install/node_1' for CMake module files
[1.208s] [34mcolcon.colcon_core.environment[0m [1;30mLevel 1[0m checking '/home/andreazanasi/Desktop/MMR/try_lifecycle_manager/install/node_1' for CMake config files
[1.208s] [34mcolcon.colcon_core.shell[0m [1;30mLevel 1[0m create_environment_hook('node_1', 'cmake_prefix_path')
[1.209s] [34mcolcon.colcon_core.shell[0m [1;30mINFO[0m Creating environment hook '/home/andreazanasi/Desktop/MMR/try_lifecycle_manager/install/node_1/share/node_1/hook/cmake_prefix_path.ps1'
[1.210s] [34mcolcon.colcon_core.shell[0m [1;30mINFO[0m Creating environment descriptor '/home/andreazanasi/Desktop/MMR/try_lifecycle_manager/install/node_1/share/node_1/hook/cmake_prefix_path.dsv'
[1.211s] [34mcolcon.colcon_core.shell[0m [1;30mINFO[0m Creating environment hook '/home/andreazanasi/Desktop/MMR/try_lifecycle_manager/install/node_1/share/node_1/hook/cmake_prefix_path.sh'
[1.216s] [34mcolcon.colcon_core.environment[0m [1;30mLevel 1[0m checking '/home/andreazanasi/Desktop/MMR/try_lifecycle_manager/install/node_1/lib'
[1.216s] [34mcolcon.colcon_core.environment[0m [1;30mLevel 1[0m checking '/home/andreazanasi/Desktop/MMR/try_lifecycle_manager/install/node_1/bin'
[1.216s] [34mcolcon.colcon_core.environment[0m [1;30mLevel 1[0m checking '/home/andreazanasi/Desktop/MMR/try_lifecycle_manager/install/node_1/lib/pkgconfig/node_1.pc'
[1.216s] [34mcolcon.colcon_core.environment[0m [1;30mLevel 1[0m checking '/home/andreazanasi/Desktop/MMR/try_lifecycle_manager/install/node_1/lib/python3.10/site-packages'
[1.219s] [34mcolcon.colcon_core.environment[0m [1;30mLevel 1[0m checking '/home/andreazanasi/Desktop/MMR/try_lifecycle_manager/install/node_1/bin'
[1.220s] [34mcolcon.colcon_core.shell[0m [1;30mINFO[0m Creating package script '/home/andreazanasi/Desktop/MMR/try_lifecycle_manager/install/node_1/share/node_1/package.ps1'
[1.222s] [34mcolcon.colcon_core.shell[0m [1;30mINFO[0m Creating package descriptor '/home/andreazanasi/Desktop/MMR/try_lifecycle_manager/install/node_1/share/node_1/package.dsv'
[1.225s] [34mcolcon.colcon_core.shell[0m [1;30mINFO[0m Creating package script '/home/andreazanasi/Desktop/MMR/try_lifecycle_manager/install/node_1/share/node_1/package.sh'
[1.226s] [34mcolcon.colcon_core.shell[0m [1;30mINFO[0m Creating package script '/home/andreazanasi/Desktop/MMR/try_lifecycle_manager/install/node_1/share/node_1/package.bash'
[1.228s] [34mcolcon.colcon_core.shell[0m [1;30mINFO[0m Creating package script '/home/andreazanasi/Desktop/MMR/try_lifecycle_manager/install/node_1/share/node_1/package.zsh'
[1.229s] [34mcolcon.colcon_core.environment[0m [1;30mLevel 1[0m create_file_with_runtime_dependencies(/home/andreazanasi/Desktop/MMR/try_lifecycle_manager/install/node_1/share/colcon-core/packages/node_1)
[18.887s] [34mcolcon.colcon_core.event_handler.log_command[0m [1;30mDEBUG[0m [32mInvoked command in '/home/andreazanasi/Desktop/MMR/try_lifecycle_manager/build/life_manager' returned '0': CMAKE_PREFIX_PATH=${CMAKE_PREFIX_PATH}:/home/andreazanasi/Desktop/MMR/mmr-kria-drive/install/clutch_plotter:/opt/ros/humble /usr/bin/cmake --build /home/andreazanasi/Desktop/MMR/try_lifecycle_manager/build/life_manager -- -j4 -l4[0m
[18.888s] [34mcolcon.colcon_core.event_handler.log_command[0m [1;30mDEBUG[0m [32mInvoking command in '/home/andreazanasi/Desktop/MMR/try_lifecycle_manager/build/life_manager': CMAKE_PREFIX_PATH=${CMAKE_PREFIX_PATH}:/home/andreazanasi/Desktop/MMR/mmr-kria-drive/install/clutch_plotter:/opt/ros/humble /usr/bin/cmake --install /home/andreazanasi/Desktop/MMR/try_lifecycle_manager/build/life_manager[0m
[18.904s] [34mcolcon.colcon_core.environment[0m [1;30mLevel 1[0m create_environment_scripts_only(life_manager)
[18.905s] [34mcolcon.colcon_core.environment[0m [1;30mLevel 1[0m checking '/home/andreazanasi/Desktop/MMR/try_lifecycle_manager/install/life_manager' for CMake module files
[18.906s] [34mcolcon.colcon_core.event_handler.log_command[0m [1;30mDEBUG[0m [32mInvoked command in '/home/andreazanasi/Desktop/MMR/try_lifecycle_manager/build/life_manager' returned '0': CMAKE_PREFIX_PATH=${CMAKE_PREFIX_PATH}:/home/andreazanasi/Desktop/MMR/mmr-kria-drive/install/clutch_plotter:/opt/ros/humble /usr/bin/cmake --install /home/andreazanasi/Desktop/MMR/try_lifecycle_manager/build/life_manager[0m
[18.907s] [34mcolcon.colcon_core.environment[0m [1;30mLevel 1[0m checking '/home/andreazanasi/Desktop/MMR/try_lifecycle_manager/install/life_manager' for CMake config files
[18.907s] [34mcolcon.colcon_core.shell[0m [1;30mLevel 1[0m create_environment_hook('life_manager', 'cmake_prefix_path')
[18.908s] [34mcolcon.colcon_core.shell[0m [1;30mINFO[0m Creating environment hook '/home/andreazanasi/Desktop/MMR/try_lifecycle_manager/install/life_manager/share/life_manager/hook/cmake_prefix_path.ps1'
[18.909s] [34mcolcon.colcon_core.shell[0m [1;30mINFO[0m Creating environment descriptor '/home/andreazanasi/Desktop/MMR/try_lifecycle_manager/install/life_manager/share/life_manager/hook/cmake_prefix_path.dsv'
[18.910s] [34mcolcon.colcon_core.shell[0m [1;30mINFO[0m Creating environment hook '/home/andreazanasi/Desktop/MMR/try_lifecycle_manager/install/life_manager/share/life_manager/hook/cmake_prefix_path.sh'
[18.911s] [34mcolcon.colcon_core.environment[0m [1;30mLevel 1[0m checking '/home/andreazanasi/Desktop/MMR/try_lifecycle_manager/install/life_manager/lib'
[18.911s] [34mcolcon.colcon_core.environment[0m [1;30mLevel 1[0m checking '/home/andreazanasi/Desktop/MMR/try_lifecycle_manager/install/life_manager/bin'
[18.911s] [34mcolcon.colcon_core.environment[0m [1;30mLevel 1[0m checking '/home/andreazanasi/Desktop/MMR/try_lifecycle_manager/install/life_manager/lib/pkgconfig/life_manager.pc'
[18.912s] [34mcolcon.colcon_core.environment[0m [1;30mLevel 1[0m checking '/home/andreazanasi/Desktop/MMR/try_lifecycle_manager/install/life_manager/lib/python3.10/site-packages'
[18.912s] [34mcolcon.colcon_core.environment[0m [1;30mLevel 1[0m checking '/home/andreazanasi/Desktop/MMR/try_lifecycle_manager/install/life_manager/bin'
[18.913s] [34mcolcon.colcon_core.shell[0m [1;30mINFO[0m Creating package script '/home/andreazanasi/Desktop/MMR/try_lifecycle_manager/install/life_manager/share/life_manager/package.ps1'
[18.915s] [34mcolcon.colcon_core.shell[0m [1;30mINFO[0m Creating package descriptor '/home/andreazanasi/Desktop/MMR/try_lifecycle_manager/install/life_manager/share/life_manager/package.dsv'
[18.916s] [34mcolcon.colcon_core.shell[0m [1;30mINFO[0m Creating package script '/home/andreazanasi/Desktop/MMR/try_lifecycle_manager/install/life_manager/share/life_manager/package.sh'
[18.917s] [34mcolcon.colcon_core.shell[0m [1;30mINFO[0m Creating package script '/home/andreazanasi/Desktop/MMR/try_lifecycle_manager/install/life_manager/share/life_manager/package.bash'
[18.918s] [34mcolcon.colcon_core.shell[0m [1;30mINFO[0m Creating package script '/home/andreazanasi/Desktop/MMR/try_lifecycle_manager/install/life_manager/share/life_manager/package.zsh'
[18.919s] [34mcolcon.colcon_core.environment[0m [1;30mLevel 1[0m create_file_with_runtime_dependencies(/home/andreazanasi/Desktop/MMR/try_lifecycle_manager/install/life_manager/share/colcon-core/packages/life_manager)
[18.920s] [34mcolcon.colcon_core.environment[0m [1;30mLevel 1[0m create_environment_scripts_only(life_manager)
[18.921s] [34mcolcon.colcon_core.environment[0m [1;30mLevel 1[0m checking '/home/andreazanasi/Desktop/MMR/try_lifecycle_manager/install/life_manager' for CMake module files
[18.921s] [34mcolcon.colcon_core.environment[0m [1;30mLevel 1[0m checking '/home/andreazanasi/Desktop/MMR/try_lifecycle_manager/install/life_manager' for CMake config files
[18.922s] [34mcolcon.colcon_core.shell[0m [1;30mLevel 1[0m create_environment_hook('life_manager', 'cmake_prefix_path')
[18.922s] [34mcolcon.colcon_core.shell[0m [1;30mINFO[0m Creating environment hook '/home/andreazanasi/Desktop/MMR/try_lifecycle_manager/install/life_manager/share/life_manager/hook/cmake_prefix_path.ps1'
[18.923s] [34mcolcon.colcon_core.shell[0m [1;30mINFO[0m Creating environment descriptor '/home/andreazanasi/Desktop/MMR/try_lifecycle_manager/install/life_manager/share/life_manager/hook/cmake_prefix_path.dsv'
[18.923s] [34mcolcon.colcon_core.shell[0m [1;30mINFO[0m Creating environment hook '/home/andreazanasi/Desktop/MMR/try_lifecycle_manager/install/life_manager/share/life_manager/hook/cmake_prefix_path.sh'
[18.924s] [34mcolcon.colcon_core.environment[0m [1;30mLevel 1[0m checking '/home/andreazanasi/Desktop/MMR/try_lifecycle_manager/install/life_manager/lib'
[18.924s] [34mcolcon.colcon_core.environment[0m [1;30mLevel 1[0m checking '/home/andreazanasi/Desktop/MMR/try_lifecycle_manager/install/life_manager/bin'
[18.925s] [34mcolcon.colcon_core.environment[0m [1;30mLevel 1[0m checking '/home/andreazanasi/Desktop/MMR/try_lifecycle_manager/install/life_manager/lib/pkgconfig/life_manager.pc'
[18.925s] [34mcolcon.colcon_core.environment[0m [1;30mLevel 1[0m checking '/home/andreazanasi/Desktop/MMR/try_lifecycle_manager/install/life_manager/lib/python3.10/site-packages'
[18.925s] [34mcolcon.colcon_core.environment[0m [1;30mLevel 1[0m checking '/home/andreazanasi/Desktop/MMR/try_lifecycle_manager/install/life_manager/bin'
[18.926s] [34mcolcon.colcon_core.shell[0m [1;30mINFO[0m Creating package script '/home/andreazanasi/Desktop/MMR/try_lifecycle_manager/install/life_manager/share/life_manager/package.ps1'
[18.927s] [34mcolcon.colcon_core.shell[0m [1;30mINFO[0m Creating package descriptor '/home/andreazanasi/Desktop/MMR/try_lifecycle_manager/install/life_manager/share/life_manager/package.dsv'
[18.928s] [34mcolcon.colcon_core.shell[0m [1;30mINFO[0m Creating package script '/home/andreazanasi/Desktop/MMR/try_lifecycle_manager/install/life_manager/share/life_manager/package.sh'
[18.929s] [34mcolcon.colcon_core.shell[0m [1;30mINFO[0m Creating package script '/home/andreazanasi/Desktop/MMR/try_lifecycle_manager/install/life_manager/share/life_manager/package.bash'
[18.929s] [34mcolcon.colcon_core.shell[0m [1;30mINFO[0m Creating package script '/home/andreazanasi/Desktop/MMR/try_lifecycle_manager/install/life_manager/share/life_manager/package.zsh'
[18.930s] [34mcolcon.colcon_core.environment[0m [1;30mLevel 1[0m create_file_with_runtime_dependencies(/home/andreazanasi/Desktop/MMR/try_lifecycle_manager/install/life_manager/share/colcon-core/packages/life_manager)
[18.930s] [34mcolcon.colcon_parallel_executor.executor.parallel[0m [1;30mDEBUG[0m [32mclosing loop[0m
[18.931s] [34mcolcon.colcon_parallel_executor.executor.parallel[0m [1;30mDEBUG[0m [32mloop closed[0m
[18.932s] [34mcolcon.colcon_parallel_executor.executor.parallel[0m [1;30mDEBUG[0m [32mrun_until_complete finished with '0'[0m
[18.932s] [34mcolcon.colcon_core.event_reactor[0m [1;30mDEBUG[0m [32mjoining thread[0m
[18.947s] [34mcolcon.colcon_core.plugin_system[0m [1;30mINFO[0m Skipping extension 'colcon_notification.desktop_notification.terminal_notifier': Not used on non-Darwin systems
[18.950s] [34mcolcon.colcon_core.plugin_system[0m [1;30mINFO[0m Skipping extension 'colcon_notification.desktop_notification.win32': Not used on non-Windows systems
[18.950s] [34mcolcon.colcon_notification.desktop_notification[0m [1;30mINFO[0m Sending desktop notification using 'notify2'
[18.976s] [34mcolcon.colcon_core.event_reactor[0m [1;30mDEBUG[0m [32mjoined thread[0m
[18.977s] [34mcolcon.colcon_core.shell[0m [1;30mINFO[0m Creating prefix script '/home/andreazanasi/Desktop/MMR/try_lifecycle_manager/install/local_setup.ps1'
[18.979s] [34mcolcon.colcon_core.shell[0m [1;30mINFO[0m Creating prefix util module '/home/andreazanasi/Desktop/MMR/try_lifecycle_manager/install/_local_setup_util_ps1.py'
[18.984s] [34mcolcon.colcon_core.shell[0m [1;30mINFO[0m Creating prefix chain script '/home/andreazanasi/Desktop/MMR/try_lifecycle_manager/install/setup.ps1'
[18.988s] [34mcolcon.colcon_core.shell[0m [1;30mINFO[0m Creating prefix script '/home/andreazanasi/Desktop/MMR/try_lifecycle_manager/install/local_setup.sh'
[18.989s] [34mcolcon.colcon_core.shell[0m [1;30mINFO[0m Creating prefix util module '/home/andreazanasi/Desktop/MMR/try_lifecycle_manager/install/_local_setup_util_sh.py'
[18.991s] [34mcolcon.colcon_core.shell[0m [1;30mINFO[0m Creating prefix chain script '/home/andreazanasi/Desktop/MMR/try_lifecycle_manager/install/setup.sh'
[18.995s] [34mcolcon.colcon_core.shell[0m [1;30mINFO[0m Creating prefix script '/home/andreazanasi/Desktop/MMR/try_lifecycle_manager/install/local_setup.bash'
[18.998s] [34mcolcon.colcon_core.shell[0m [1;30mINFO[0m Creating prefix chain script '/home/andreazanasi/Desktop/MMR/try_lifecycle_manager/install/setup.bash'
[19.002s] [34mcolcon.colcon_core.shell[0m [1;30mINFO[0m Creating prefix script '/home/andreazanasi/Desktop/MMR/try_lifecycle_manager/install/local_setup.zsh'
[19.004s] [34mcolcon.colcon_core.shell[0m [1;30mINFO[0m Creating prefix chain script '/home/andreazanasi/Desktop/MMR/try_lifecycle_manager/install/setup.zsh'
