[0.037s] Invoking command in '/home/andreazanasi/Desktop/MMR/try_lifecycle_manager/build/node_2': CMAKE_PREFIX_PATH=${CMAKE_PREFIX_PATH}:/home/andreazanasi/Desktop/MMR/mmr-kria-drive/install/clutch_plotter:/opt/ros/humble /usr/bin/cmake /home/andreazanasi/Desktop/MMR/try_lifecycle_manager/src/node_2 -DCMAKE_INSTALL_PREFIX=/home/andreazanasi/Desktop/MMR/try_lifecycle_manager/install/node_2
[0.182s] -- The C compiler identification is GNU 11.4.0
[0.359s] -- The CXX compiler identification is GNU 11.4.0
[0.380s] -- Detecting C compiler ABI info
[0.556s] -- Detecting C compiler ABI info - done
[0.577s] -- Check for working C compiler: /usr/bin/cc - skipped
[0.578s] -- Detecting C compile features
[0.582s] -- Detecting C compile features - done
[0.585s] -- Detecting CXX compiler ABI info
[0.866s] -- Detecting CXX compiler ABI info - done
[0.902s] -- Check for working CXX compiler: /usr/bin/c++ - skipped
[0.902s] -- Detecting CXX compile features
[0.902s] -- Detecting CXX compile features - done
[0.912s] -- Found ament_cmake: 1.3.11 (/opt/ros/humble/share/ament_cmake/cmake)
[1.917s] -- Found Python3: /home/andreazanasi/.pyenv/shims/python3 (found version "3.10.12") found components: Interpreter 
[2.238s] -- Found rclcpp: 16.0.12 (/opt/ros/humble/share/rclcpp/cmake)
[2.361s] -- Found rosidl_generator_c: 3.1.6 (/opt/ros/humble/share/rosidl_generator_c/cmake)
[2.381s] -- Found rosidl_adapter: 3.1.6 (/opt/ros/humble/share/rosidl_adapter/cmake)
[2.403s] -- Found rosidl_generator_cpp: 3.1.6 (/opt/ros/humble/share/rosidl_generator_cpp/cmake)
[2.435s] -- Using all available rosidl_typesupport_c: rosidl_typesupport_fastrtps_c;rosidl_typesupport_introspection_c
[2.477s] -- Using all available rosidl_typesupport_cpp: rosidl_typesupport_fastrtps_cpp;rosidl_typesupport_introspection_cpp
[2.613s] -- Found rmw_implementation_cmake: 6.1.2 (/opt/ros/humble/share/rmw_implementation_cmake/cmake)
[2.621s] -- Found rmw_fastrtps_cpp: 6.2.7 (/opt/ros/humble/share/rmw_fastrtps_cpp/cmake)
[2.820s] -- Found OpenSSL: /usr/lib/x86_64-linux-gnu/libcrypto.so (found version "3.0.2")  
[2.867s] -- Found FastRTPS: /opt/ros/humble/include  
[2.943s] -- Using RMW implementation 'rmw_fastrtps_cpp' as default
[2.967s] -- Looking for pthread.h
[3.140s] -- Looking for pthread.h - found
[3.141s] -- Performing Test CMAKE_HAVE_LIBC_PTHREAD
[3.400s] -- Performing Test CMAKE_HAVE_LIBC_PTHREAD - Success
[3.405s] -- Found Threads: TRUE  
[3.587s] -- Found rclcpp_lifecycle: 16.0.12 (/opt/ros/humble/share/rclcpp_lifecycle/cmake)
[3.651s] -- Found ament_lint_auto: 0.12.12 (/opt/ros/humble/share/ament_lint_auto/cmake)
[3.985s] -- Added test 'cppcheck' to perform static code analysis on C / C++ code
[3.985s] -- Configured cppcheck include dirs: 
[3.985s] -- Configured cppcheck exclude dirs and/or files: 
[3.987s] -- Added test 'flake8' to check Python code syntax and style conventions
[3.989s] -- Added test 'lint_cmake' to check CMake code style
[3.991s] -- Added test 'pep257' to check Python code against some of the docstring style conventions in PEP 257
[3.994s] -- Added test 'uncrustify' to check C / C++ code style
[3.995s] -- Configured uncrustify additional arguments: 
[3.995s] -- Added test 'xmllint' to check XML markup files
[4.001s] -- Configuring done
[4.020s] -- Generating done
[4.028s] -- Build files have been written to: /home/andreazanasi/Desktop/MMR/try_lifecycle_manager/build/node_2
[4.055s] Invoked command in '/home/andreazanasi/Desktop/MMR/try_lifecycle_manager/build/node_2' returned '0': CMAKE_PREFIX_PATH=${CMAKE_PREFIX_PATH}:/home/andreazanasi/Desktop/MMR/mmr-kria-drive/install/clutch_plotter:/opt/ros/humble /usr/bin/cmake /home/andreazanasi/Desktop/MMR/try_lifecycle_manager/src/node_2 -DCMAKE_INSTALL_PREFIX=/home/andreazanasi/Desktop/MMR/try_lifecycle_manager/install/node_2
[4.058s] Invoking command in '/home/andreazanasi/Desktop/MMR/try_lifecycle_manager/build/node_2': CMAKE_PREFIX_PATH=${CMAKE_PREFIX_PATH}:/home/andreazanasi/Desktop/MMR/mmr-kria-drive/install/clutch_plotter:/opt/ros/humble /usr/bin/cmake --build /home/andreazanasi/Desktop/MMR/try_lifecycle_manager/build/node_2 -- -j4 -l4
[4.178s] [ 50%] [32mBuilding CXX object CMakeFiles/node_2_exe.dir/src/node_2.cpp.o[0m
[14.041s] [100%] [32m[1mLinking CXX executable node_2_exe[0m
[14.462s] [100%] Built target node_2_exe
[14.483s] Invoked command in '/home/andreazanasi/Desktop/MMR/try_lifecycle_manager/build/node_2' returned '0': CMAKE_PREFIX_PATH=${CMAKE_PREFIX_PATH}:/home/andreazanasi/Desktop/MMR/mmr-kria-drive/install/clutch_plotter:/opt/ros/humble /usr/bin/cmake --build /home/andreazanasi/Desktop/MMR/try_lifecycle_manager/build/node_2 -- -j4 -l4
[14.502s] Invoking command in '/home/andreazanasi/Desktop/MMR/try_lifecycle_manager/build/node_2': CMAKE_PREFIX_PATH=${CMAKE_PREFIX_PATH}:/home/andreazanasi/Desktop/MMR/mmr-kria-drive/install/clutch_plotter:/opt/ros/humble /usr/bin/cmake --install /home/andreazanasi/Desktop/MMR/try_lifecycle_manager/build/node_2
[14.519s] -- Install configuration: ""
[14.520s] -- Up-to-date: /home/andreazanasi/Desktop/MMR/try_lifecycle_manager/install/node_2/share/node_2/launch
[14.520s] -- Installing: /home/andreazanasi/Desktop/MMR/try_lifecycle_manager/install/node_2/share/node_2/package.dsv
[14.521s] Invoked command in '/home/andreazanasi/Desktop/MMR/try_lifecycle_manager/build/node_2' returned '0': CMAKE_PREFIX_PATH=${CMAKE_PREFIX_PATH}:/home/andreazanasi/Desktop/MMR/mmr-kria-drive/install/clutch_plotter:/opt/ros/humble /usr/bin/cmake --install /home/andreazanasi/Desktop/MMR/try_lifecycle_manager/build/node_2
