[0.028s] Invoking command in '/home/andreazanasi/Desktop/MMR/try_lifecycle_manager/build/node_1': CMAKE_PREFIX_PATH=${CMAKE_PREFIX_PATH}:/home/andreazanasi/Desktop/MMR/mmr-kria-drive/install/clutch_plotter:/opt/ros/humble /usr/bin/cmake /home/andreazanasi/Desktop/MMR/try_lifecycle_manager/src/node_1 -DCMAKE_INSTALL_PREFIX=/home/andreazanasi/Desktop/MMR/try_lifecycle_manager/install/node_1
[0.182s] -- The C compiler identification is GNU 11.4.0
[0.336s] -- The CXX compiler identification is GNU 11.4.0
[0.352s] -- Detecting C compiler ABI info
[0.524s] -- Detecting C compiler ABI info - done
[0.559s] -- Check for working C compiler: /usr/bin/cc - skipped
[0.561s] -- Detecting C compile features
[0.562s] -- Detecting C compile features - done
[0.573s] -- Detecting CXX compiler ABI info
[0.834s] -- Detecting CXX compiler ABI info - done
[0.853s] -- Check for working CXX compiler: /usr/bin/c++ - skipped
[0.854s] -- Detecting CXX compile features
[0.855s] -- Detecting CXX compile features - done
[0.864s] -- Found ament_cmake: 1.3.11 (/opt/ros/humble/share/ament_cmake/cmake)
[1.917s] -- Found Python3: /home/andreazanasi/.pyenv/shims/python3 (found version "3.10.12") found components: Interpreter 
[2.233s] -- Found rclcpp: 16.0.12 (/opt/ros/humble/share/rclcpp/cmake)
[2.352s] -- Found rosidl_generator_c: 3.1.6 (/opt/ros/humble/share/rosidl_generator_c/cmake)
[2.362s] -- Found rosidl_adapter: 3.1.6 (/opt/ros/humble/share/rosidl_adapter/cmake)
[2.389s] -- Found rosidl_generator_cpp: 3.1.6 (/opt/ros/humble/share/rosidl_generator_cpp/cmake)
[2.425s] -- Using all available rosidl_typesupport_c: rosidl_typesupport_fastrtps_c;rosidl_typesupport_introspection_c
[2.469s] -- Using all available rosidl_typesupport_cpp: rosidl_typesupport_fastrtps_cpp;rosidl_typesupport_introspection_cpp
[2.600s] -- Found rmw_implementation_cmake: 6.1.2 (/opt/ros/humble/share/rmw_implementation_cmake/cmake)
[2.612s] -- Found rmw_fastrtps_cpp: 6.2.7 (/opt/ros/humble/share/rmw_fastrtps_cpp/cmake)
[2.813s] -- Found OpenSSL: /usr/lib/x86_64-linux-gnu/libcrypto.so (found version "3.0.2")  
[2.871s] -- Found FastRTPS: /opt/ros/humble/include  
[2.955s] -- Using RMW implementation 'rmw_fastrtps_cpp' as default
[2.982s] -- Looking for pthread.h
[3.214s] -- Looking for pthread.h - found
[3.218s] -- Performing Test CMAKE_HAVE_LIBC_PTHREAD
[3.461s] -- Performing Test CMAKE_HAVE_LIBC_PTHREAD - Success
[3.463s] -- Found Threads: TRUE  
[3.637s] -- Found rclcpp_lifecycle: 16.0.12 (/opt/ros/humble/share/rclcpp_lifecycle/cmake)
[3.706s] -- Found ament_lint_auto: 0.12.12 (/opt/ros/humble/share/ament_lint_auto/cmake)
[4.088s] -- Added test 'cppcheck' to perform static code analysis on C / C++ code
[4.089s] -- Configured cppcheck include dirs: 
[4.089s] -- Configured cppcheck exclude dirs and/or files: 
[4.090s] -- Added test 'flake8' to check Python code syntax and style conventions
[4.094s] -- Added test 'lint_cmake' to check CMake code style
[4.095s] -- Added test 'pep257' to check Python code against some of the docstring style conventions in PEP 257
[4.100s] -- Added test 'uncrustify' to check C / C++ code style
[4.101s] -- Configured uncrustify additional arguments: 
[4.102s] -- Added test 'xmllint' to check XML markup files
[4.110s] -- Configuring done
[4.138s] -- Generating done
[4.149s] -- Build files have been written to: /home/andreazanasi/Desktop/MMR/try_lifecycle_manager/build/node_1
[4.167s] Invoked command in '/home/andreazanasi/Desktop/MMR/try_lifecycle_manager/build/node_1' returned '0': CMAKE_PREFIX_PATH=${CMAKE_PREFIX_PATH}:/home/andreazanasi/Desktop/MMR/mmr-kria-drive/install/clutch_plotter:/opt/ros/humble /usr/bin/cmake /home/andreazanasi/Desktop/MMR/try_lifecycle_manager/src/node_1 -DCMAKE_INSTALL_PREFIX=/home/andreazanasi/Desktop/MMR/try_lifecycle_manager/install/node_1
[4.170s] Invoking command in '/home/andreazanasi/Desktop/MMR/try_lifecycle_manager/build/node_1': CMAKE_PREFIX_PATH=${CMAKE_PREFIX_PATH}:/home/andreazanasi/Desktop/MMR/mmr-kria-drive/install/clutch_plotter:/opt/ros/humble /usr/bin/cmake --build /home/andreazanasi/Desktop/MMR/try_lifecycle_manager/build/node_1 -- -j4 -l4
[4.269s] [ 50%] [32mBuilding CXX object CMakeFiles/node_1_exe.dir/src/node_1.cpp.o[0m
[14.565s] [100%] [32m[1mLinking CXX executable node_1_exe[0m
[14.909s] [100%] Built target node_1_exe
[14.926s] Invoked command in '/home/andreazanasi/Desktop/MMR/try_lifecycle_manager/build/node_1' returned '0': CMAKE_PREFIX_PATH=${CMAKE_PREFIX_PATH}:/home/andreazanasi/Desktop/MMR/mmr-kria-drive/install/clutch_plotter:/opt/ros/humble /usr/bin/cmake --build /home/andreazanasi/Desktop/MMR/try_lifecycle_manager/build/node_1 -- -j4 -l4
[14.929s] Invoking command in '/home/andreazanasi/Desktop/MMR/try_lifecycle_manager/build/node_1': CMAKE_PREFIX_PATH=${CMAKE_PREFIX_PATH}:/home/andreazanasi/Desktop/MMR/mmr-kria-drive/install/clutch_plotter:/opt/ros/humble /usr/bin/cmake --install /home/andreazanasi/Desktop/MMR/try_lifecycle_manager/build/node_1
[14.940s] -- Install configuration: ""
[14.940s] -- Up-to-date: /home/andreazanasi/Desktop/MMR/try_lifecycle_manager/install/node_1/share/node_1/launch
[14.941s] -- Installing: /home/andreazanasi/Desktop/MMR/try_lifecycle_manager/install/node_1/share/node_1/package.dsv
[14.945s] Invoked command in '/home/andreazanasi/Desktop/MMR/try_lifecycle_manager/build/node_1' returned '0': CMAKE_PREFIX_PATH=${CMAKE_PREFIX_PATH}:/home/andreazanasi/Desktop/MMR/mmr-kria-drive/install/clutch_plotter:/opt/ros/humble /usr/bin/cmake --install /home/andreazanasi/Desktop/MMR/try_lifecycle_manager/build/node_1
