[0.033s] Invoking command in '/home/andreazanasi/Desktop/MMR/try_lifecycle_manager/build/life_manager': CMAKE_PREFIX_PATH=${CMAKE_PREFIX_PATH}:/home/andreazanasi/Desktop/MMR/mmr-kria-drive/install/clutch_plotter:/opt/ros/humble /usr/bin/cmake --build /home/andreazanasi/Desktop/MMR/try_lifecycle_manager/build/life_manager -- -j4 -l4
[0.132s] [35m[1mConsolidate compiler generated dependencies of target life_manager_exe[0m
[0.192s] [ 50%] [32mBuilding CXX object CMakeFiles/life_manager_exe.dir/src/life_manager.cpp.o[0m
[4.042s] [01m[K/home/andreazanasi/Desktop/MMR/try_lifecycle_manager/src/life_manager/src/life_manager.cpp:[m[K In member function ‘[01m[Kvoid LifeManager::declare_and_get_parameters()[m[K’:
[4.042s] [01m[K/home/andreazanasi/Desktop/MMR/try_lifecycle_manager/src/life_manager/src/life_manager.cpp:42:58:[m[K [01;35m[Kwarning: [m[Kconverting to ‘[01m[Kconst ParameterDescriptor[m[K’ {aka ‘[01m[Kconst rcl_interfaces::msg::ParameterDescriptor_<std::allocator<void> >[m[K’} from initializer list would use explicit constructor ‘[01m[Krcl_interfaces::msg::ParameterDescriptor_<ContainerAllocator>::ParameterDescriptor_(rosidl_runtime_cpp::MessageInitialization) [with ContainerAllocator = std::allocator<void>][m[K’
[4.042s]    42 |         [01;35m[Kthis->declare_parameter<std::vector<std::string>>("nodes", {})[m[K;
[4.042s]       |         [01;35m[K~~~~~~~~~~~~~~~~~~~~~~~~~~~~~~~~~~~~~~~~~~~~~~~~~^~~~~~~~~~~~~[m[K
[4.042s] [01m[K/home/andreazanasi/Desktop/MMR/try_lifecycle_manager/src/life_manager/src/life_manager.cpp:42:58:[m[K [01;36m[Knote: [m[Kin C++11 and above a default constructor can be explicit
[4.333s] /home/andreazanasi/Desktop/MMR/try_lifecycle_manager/src/life_manager/src/life_manager.cpp: In instantiation of ‘[01m[Kstd::future_status LifeManager::wait_for_result(FutureT&, WaitTimeT) [with FutureT = std::shared_future<std::shared_ptr<lifecycle_msgs::srv::GetState_Response_<std::allocator<void> > > >; WaitTimeT = std::chrono::duration<long int>][m[K’:
[4.333s] [01m[K/home/andreazanasi/Desktop/MMR/try_lifecycle_manager/src/life_manager/src/life_manager.cpp:111:45:[m[K   required from here
[4.333s] [01m[K/home/andreazanasi/Desktop/MMR/try_lifecycle_manager/src/life_manager/src/life_manager.cpp:166:10:[m[K [01;35m[Kwarning: [m[Kvariable ‘[01m[Kend[m[K’ set but not used [[01;35m[K]8;;https://gcc.gnu.org/onlinedocs/gcc/Warning-Options.html#index-Wunused-but-set-variable-Wunused-but-set-variable]8;;[m[K]
[4.333s]   166 |     auto [01;35m[Kend[m[K = std::chrono::steady_clock::now() + time_to_wait;
[4.334s]       |          [01;35m[K^~~[m[K
[4.334s] [01m[K/home/andreazanasi/Desktop/MMR/try_lifecycle_manager/src/life_manager/src/life_manager.cpp:163:15:[m[K [01;35m[Kwarning: [m[Kunused parameter ‘[01m[Kfuture[m[K’ [[01;35m[K]8;;https://gcc.gnu.org/onlinedocs/gcc/Warning-Options.html#index-Wunused-parameter-Wunused-parameter]8;;[m[K]
[4.334s]   163 |     [01;35m[KFutureT & future[m[K,
[4.334s]       |     [01;35m[K~~~~~~~~~~^~~~~~[m[K
[13.028s] [100%] [32m[1mLinking CXX executable life_manager_exe[0m
[13.812s] [100%] Built target life_manager_exe
[13.827s] Invoked command in '/home/andreazanasi/Desktop/MMR/try_lifecycle_manager/build/life_manager' returned '0': CMAKE_PREFIX_PATH=${CMAKE_PREFIX_PATH}:/home/andreazanasi/Desktop/MMR/mmr-kria-drive/install/clutch_plotter:/opt/ros/humble /usr/bin/cmake --build /home/andreazanasi/Desktop/MMR/try_lifecycle_manager/build/life_manager -- -j4 -l4
[13.829s] Invoking command in '/home/andreazanasi/Desktop/MMR/try_lifecycle_manager/build/life_manager': CMAKE_PREFIX_PATH=${CMAKE_PREFIX_PATH}:/home/andreazanasi/Desktop/MMR/mmr-kria-drive/install/clutch_plotter:/opt/ros/humble /usr/bin/cmake --install /home/andreazanasi/Desktop/MMR/try_lifecycle_manager/build/life_manager
[13.840s] -- Install configuration: ""
[13.840s] -- Up-to-date: /home/andreazanasi/Desktop/MMR/try_lifecycle_manager/install/life_manager/share/life_manager/launch
[13.840s] -- Installing: /home/andreazanasi/Desktop/MMR/try_lifecycle_manager/install/life_manager/share/life_manager/package.dsv
[13.845s] Invoked command in '/home/andreazanasi/Desktop/MMR/try_lifecycle_manager/build/life_manager' returned '0': CMAKE_PREFIX_PATH=${CMAKE_PREFIX_PATH}:/home/andreazanasi/Desktop/MMR/mmr-kria-drive/install/clutch_plotter:/opt/ros/humble /usr/bin/cmake --install /home/andreazanasi/Desktop/MMR/try_lifecycle_manager/build/life_manager
