[0.193s] [34mcolcon[0m [1;30mDEBUG[0m [32mCommand line arguments: ['/usr/bin/colcon', 'build'][0m
[0.193s] [34mcolcon[0m [1;30mDEBUG[0m [32mParsed command line arguments: Namespace(log_base=None, log_level=None, verb_name='build', build_base='build', install_base='install', merge_install=False, symlink_install=False, test_result_base=None, continue_on_error=False, executor='parallel', parallel_workers=4, event_handlers=None, ignore_user_meta=False, metas=['./colcon.meta'], base_paths=['.'], packages_ignore=None, packages_ignore_regex=None, paths=None, packages_up_to=None, packages_up_to_regex=None, packages_above=None, packages_above_and_dependencies=None, packages_above_depth=None, packages_select_by_dep=None, packages_skip_by_dep=None, packages_skip_up_to=None, packages_select_build_failed=False, packages_skip_build_finished=False, packages_select_test_failures=False, packages_skip_test_passed=False, packages_select=None, packages_skip=None, packages_select_regex=None, packages_skip_regex=None, packages_start=None, packages_end=None, allow_overriding=[], cmake_args=None, cmake_target=None, cmake_target_skip_unavailable=False, cmake_clean_cache=False, cmake_clean_first=False, cmake_force_configure=False, ament_cmake_args=None, catkin_cmake_args=None, catkin_skip_building_tests=False, mixin_files=None, mixin=None, verb_parser=<colcon_mixin.mixin.mixin_argument.MixinArgumentDecorator object at 0x7abfd553c8b0>, verb_extension=<colcon_core.verb.build.BuildVerb object at 0x7abfd553c340>, main=<bound method BuildVerb.main of <colcon_core.verb.build.BuildVerb object at 0x7abfd553c340>>, mixin_verb=('build',))[0m
[0.495s] [34mcolcon.colcon_core.package_discovery[0m [1;30mLevel 1[0m discover_packages(colcon_meta) check parameters
[0.496s] [34mcolcon.colcon_core.package_discovery[0m [1;30mLevel 1[0m discover_packages(recursive) check parameters
[0.496s] [34mcolcon.colcon_core.package_discovery[0m [1;30mLevel 1[0m discover_packages(ignore) check parameters
[0.496s] [34mcolcon.colcon_core.package_discovery[0m [1;30mLevel 1[0m discover_packages(path) check parameters
[0.496s] [34mcolcon.colcon_core.package_discovery[0m [1;30mLevel 1[0m discover_packages(colcon_meta) discover
[0.496s] [34mcolcon.colcon_core.package_discovery[0m [1;30mLevel 1[0m discover_packages(recursive) discover
[0.496s] [34mcolcon.colcon_core.package_discovery[0m [1;30mINFO[0m Crawling recursively for packages in '/home/andreazanasi/Desktop/MMR/try_lifecycle_manager'
[0.496s] [34mcolcon.colcon_core.package_identification[0m [1;30mLevel 1[0m _identify(.) by extensions ['ignore', 'ignore_ament_install']
[0.497s] [34mcolcon.colcon_core.package_identification[0m [1;30mLevel 1[0m _identify(.) by extension 'ignore'
[0.497s] [34mcolcon.colcon_core.package_identification[0m [1;30mLevel 1[0m _identify(.) by extension 'ignore_ament_install'
[0.497s] [34mcolcon.colcon_core.package_identification[0m [1;30mLevel 1[0m _identify(.) by extensions ['colcon_pkg']
[0.497s] [34mcolcon.colcon_core.package_identification[0m [1;30mLevel 1[0m _identify(.) by extension 'colcon_pkg'
[0.497s] [34mcolcon.colcon_core.package_identification[0m [1;30mLevel 1[0m _identify(.) by extensions ['colcon_meta']
[0.497s] [34mcolcon.colcon_core.package_identification[0m [1;30mLevel 1[0m _identify(.) by extension 'colcon_meta'
[0.497s] [34mcolcon.colcon_core.package_identification[0m [1;30mLevel 1[0m _identify(.) by extensions ['ros']
[0.497s] [34mcolcon.colcon_core.package_identification[0m [1;30mLevel 1[0m _identify(.) by extension 'ros'
[0.562s] [34mcolcon.colcon_core.package_identification[0m [1;30mLevel 1[0m _identify(.) by extensions ['cmake', 'python']
[0.562s] [34mcolcon.colcon_core.package_identification[0m [1;30mLevel 1[0m _identify(.) by extension 'cmake'
[0.562s] [34mcolcon.colcon_core.package_identification[0m [1;30mLevel 1[0m _identify(.) by extension 'python'
[0.563s] [34mcolcon.colcon_core.package_identification[0m [1;30mLevel 1[0m _identify(.) by extensions ['python_setup_py']
[0.563s] [34mcolcon.colcon_core.package_identification[0m [1;30mLevel 1[0m _identify(.) by extension 'python_setup_py'
[0.563s] [34mcolcon.colcon_core.package_identification[0m [1;30mLevel 1[0m _identify(build) by extensions ['ignore', 'ignore_ament_install']
[0.563s] [34mcolcon.colcon_core.package_identification[0m [1;30mLevel 1[0m _identify(build) by extension 'ignore'
[0.563s] [34mcolcon.colcon_core.package_identification[0m [1;30mLevel 1[0m _identify(build) ignored
[0.564s] [34mcolcon.colcon_core.package_identification[0m [1;30mLevel 1[0m _identify(install) by extensions ['ignore', 'ignore_ament_install']
[0.564s] [34mcolcon.colcon_core.package_identification[0m [1;30mLevel 1[0m _identify(install) by extension 'ignore'
[0.564s] [34mcolcon.colcon_core.package_identification[0m [1;30mLevel 1[0m _identify(install) ignored
[0.564s] [34mcolcon.colcon_core.package_identification[0m [1;30mLevel 1[0m _identify(log) by extensions ['ignore', 'ignore_ament_install']
[0.564s] [34mcolcon.colcon_core.package_identification[0m [1;30mLevel 1[0m _identify(log) by extension 'ignore'
[0.565s] [34mcolcon.colcon_core.package_identification[0m [1;30mLevel 1[0m _identify(log) ignored
[0.565s] [34mcolcon.colcon_core.package_identification[0m [1;30mLevel 1[0m _identify(src) by extensions ['ignore', 'ignore_ament_install']
[0.565s] [34mcolcon.colcon_core.package_identification[0m [1;30mLevel 1[0m _identify(src) by extension 'ignore'
[0.565s] [34mcolcon.colcon_core.package_identification[0m [1;30mLevel 1[0m _identify(src) by extension 'ignore_ament_install'
[0.565s] [34mcolcon.colcon_core.package_identification[0m [1;30mLevel 1[0m _identify(src) by extensions ['colcon_pkg']
[0.565s] [34mcolcon.colcon_core.package_identification[0m [1;30mLevel 1[0m _identify(src) by extension 'colcon_pkg'
[0.565s] [34mcolcon.colcon_core.package_identification[0m [1;30mLevel 1[0m _identify(src) by extensions ['colcon_meta']
[0.566s] [34mcolcon.colcon_core.package_identification[0m [1;30mLevel 1[0m _identify(src) by extension 'colcon_meta'
[0.566s] [34mcolcon.colcon_core.package_identification[0m [1;30mLevel 1[0m _identify(src) by extensions ['ros']
[0.566s] [34mcolcon.colcon_core.package_identification[0m [1;30mLevel 1[0m _identify(src) by extension 'ros'
[0.566s] [34mcolcon.colcon_core.package_identification[0m [1;30mLevel 1[0m _identify(src) by extensions ['cmake', 'python']
[0.566s] [34mcolcon.colcon_core.package_identification[0m [1;30mLevel 1[0m _identify(src) by extension 'cmake'
[0.566s] [34mcolcon.colcon_core.package_identification[0m [1;30mLevel 1[0m _identify(src) by extension 'python'
[0.566s] [34mcolcon.colcon_core.package_identification[0m [1;30mLevel 1[0m _identify(src) by extensions ['python_setup_py']
[0.566s] [34mcolcon.colcon_core.package_identification[0m [1;30mLevel 1[0m _identify(src) by extension 'python_setup_py'
[0.567s] [34mcolcon.colcon_core.package_identification[0m [1;30mLevel 1[0m _identify(src/life_manager) by extensions ['ignore', 'ignore_ament_install']
[0.567s] [34mcolcon.colcon_core.package_identification[0m [1;30mLevel 1[0m _identify(src/life_manager) by extension 'ignore'
[0.567s] [34mcolcon.colcon_core.package_identification[0m [1;30mLevel 1[0m _identify(src/life_manager) by extension 'ignore_ament_install'
[0.567s] [34mcolcon.colcon_core.package_identification[0m [1;30mLevel 1[0m _identify(src/life_manager) by extensions ['colcon_pkg']
[0.567s] [34mcolcon.colcon_core.package_identification[0m [1;30mLevel 1[0m _identify(src/life_manager) by extension 'colcon_pkg'
[0.567s] [34mcolcon.colcon_core.package_identification[0m [1;30mLevel 1[0m _identify(src/life_manager) by extensions ['colcon_meta']
[0.567s] [34mcolcon.colcon_core.package_identification[0m [1;30mLevel 1[0m _identify(src/life_manager) by extension 'colcon_meta'
[0.567s] [34mcolcon.colcon_core.package_identification[0m [1;30mLevel 1[0m _identify(src/life_manager) by extensions ['ros']
[0.568s] [34mcolcon.colcon_core.package_identification[0m [1;30mLevel 1[0m _identify(src/life_manager) by extension 'ros'
[0.572s] [34mcolcon.colcon_core.package_identification[0m [1;30mDEBUG[0m [32mPackage 'src/life_manager' with type 'ros.ament_cmake' and name 'life_manager'[0m
[0.573s] [34mcolcon.colcon_core.package_identification[0m [1;30mLevel 1[0m _identify(src/node_1) by extensions ['ignore', 'ignore_ament_install']
[0.573s] [34mcolcon.colcon_core.package_identification[0m [1;30mLevel 1[0m _identify(src/node_1) by extension 'ignore'
[0.573s] [34mcolcon.colcon_core.package_identification[0m [1;30mLevel 1[0m _identify(src/node_1) by extension 'ignore_ament_install'
[0.573s] [34mcolcon.colcon_core.package_identification[0m [1;30mLevel 1[0m _identify(src/node_1) by extensions ['colcon_pkg']
[0.573s] [34mcolcon.colcon_core.package_identification[0m [1;30mLevel 1[0m _identify(src/node_1) by extension 'colcon_pkg'
[0.573s] [34mcolcon.colcon_core.package_identification[0m [1;30mLevel 1[0m _identify(src/node_1) by extensions ['colcon_meta']
[0.573s] [34mcolcon.colcon_core.package_identification[0m [1;30mLevel 1[0m _identify(src/node_1) by extension 'colcon_meta'
[0.573s] [34mcolcon.colcon_core.package_identification[0m [1;30mLevel 1[0m _identify(src/node_1) by extensions ['ros']
[0.573s] [34mcolcon.colcon_core.package_identification[0m [1;30mLevel 1[0m _identify(src/node_1) by extension 'ros'
[0.575s] [34mcolcon.colcon_core.package_identification[0m [1;30mDEBUG[0m [32mPackage 'src/node_1' with type 'ros.ament_cmake' and name 'node_1'[0m
[0.575s] [34mcolcon.colcon_core.package_identification[0m [1;30mLevel 1[0m _identify(src/node_2) by extensions ['ignore', 'ignore_ament_install']
[0.575s] [34mcolcon.colcon_core.package_identification[0m [1;30mLevel 1[0m _identify(src/node_2) by extension 'ignore'
[0.575s] [34mcolcon.colcon_core.package_identification[0m [1;30mLevel 1[0m _identify(src/node_2) by extension 'ignore_ament_install'
[0.576s] [34mcolcon.colcon_core.package_identification[0m [1;30mLevel 1[0m _identify(src/node_2) by extensions ['colcon_pkg']
[0.576s] [34mcolcon.colcon_core.package_identification[0m [1;30mLevel 1[0m _identify(src/node_2) by extension 'colcon_pkg'
[0.576s] [34mcolcon.colcon_core.package_identification[0m [1;30mLevel 1[0m _identify(src/node_2) by extensions ['colcon_meta']
[0.576s] [34mcolcon.colcon_core.package_identification[0m [1;30mLevel 1[0m _identify(src/node_2) by extension 'colcon_meta'
[0.576s] [34mcolcon.colcon_core.package_identification[0m [1;30mLevel 1[0m _identify(src/node_2) by extensions ['ros']
[0.576s] [34mcolcon.colcon_core.package_identification[0m [1;30mLevel 1[0m _identify(src/node_2) by extension 'ros'
[0.577s] [34mcolcon.colcon_core.package_identification[0m [1;30mDEBUG[0m [32mPackage 'src/node_2' with type 'ros.ament_cmake' and name 'node_2'[0m
[0.578s] [34mcolcon.colcon_core.package_discovery[0m [1;30mLevel 1[0m discover_packages(recursive) using defaults
[0.578s] [34mcolcon.colcon_core.package_discovery[0m [1;30mLevel 1[0m discover_packages(ignore) discover
[0.578s] [34mcolcon.colcon_core.package_discovery[0m [1;30mLevel 1[0m discover_packages(ignore) using defaults
[0.578s] [34mcolcon.colcon_core.package_discovery[0m [1;30mLevel 1[0m discover_packages(path) discover
[0.578s] [34mcolcon.colcon_core.package_discovery[0m [1;30mLevel 1[0m discover_packages(path) using defaults
[0.608s] [34mcolcon.colcon_core.package_discovery[0m [1;30mLevel 1[0m discover_packages(prefix_path) check parameters
[0.608s] [34mcolcon.colcon_core.package_discovery[0m [1;30mLevel 1[0m discover_packages(prefix_path) discover
[0.611s] [34mcolcon.colcon_installed_package_information.package_discovery[0m [1;30mDEBUG[0m [32mFound 1 installed packages in /home/andreazanasi/Desktop/MMR/lifecycle/install[0m
[0.613s] [34mcolcon.colcon_installed_package_information.package_discovery[0m [1;30mDEBUG[0m [32mFound 8 installed packages in /home/andreazanasi/Desktop/MMR/mmr-kria-drive/install[0m
[0.614s] [34mcolcon.colcon_installed_package_information.package_discovery[0m [1;30mDEBUG[0m [32mFound 187 installed packages in /opt/ros/humble[0m
[0.616s] [34mcolcon.colcon_core.package_discovery[0m [1;30mLevel 1[0m discover_packages(prefix_path) using defaults
[0.659s] [34mcolcon.colcon_core.verb[0m [1;30mLevel 5[0m set package 'life_manager' build argument 'cmake_args' from command line to 'None'
[0.659s] [34mcolcon.colcon_core.verb[0m [1;30mLevel 5[0m set package 'life_manager' build argument 'cmake_target' from command line to 'None'
[0.659s] [34mcolcon.colcon_core.verb[0m [1;30mLevel 5[0m set package 'life_manager' build argument 'cmake_target_skip_unavailable' from command line to 'False'
[0.659s] [34mcolcon.colcon_core.verb[0m [1;30mLevel 5[0m set package 'life_manager' build argument 'cmake_clean_cache' from command line to 'False'
[0.659s] [34mcolcon.colcon_core.verb[0m [1;30mLevel 5[0m set package 'life_manager' build argument 'cmake_clean_first' from command line to 'False'
[0.659s] [34mcolcon.colcon_core.verb[0m [1;30mLevel 5[0m set package 'life_manager' build argument 'cmake_force_configure' from command line to 'False'
[0.659s] [34mcolcon.colcon_core.verb[0m [1;30mLevel 5[0m set package 'life_manager' build argument 'ament_cmake_args' from command line to 'None'
[0.659s] [34mcolcon.colcon_core.verb[0m [1;30mLevel 5[0m set package 'life_manager' build argument 'catkin_cmake_args' from command line to 'None'
[0.659s] [34mcolcon.colcon_core.verb[0m [1;30mLevel 5[0m set package 'life_manager' build argument 'catkin_skip_building_tests' from command line to 'False'
[0.659s] [34mcolcon.colcon_core.verb[0m [1;30mDEBUG[0m [32mBuilding package 'life_manager' with the following arguments: {'ament_cmake_args': None, 'build_base': '/home/andreazanasi/Desktop/MMR/try_lifecycle_manager/build/life_manager', 'catkin_cmake_args': None, 'catkin_skip_building_tests': False, 'cmake_args': None, 'cmake_clean_cache': False, 'cmake_clean_first': False, 'cmake_force_configure': False, 'cmake_target': None, 'cmake_target_skip_unavailable': False, 'install_base': '/home/andreazanasi/Desktop/MMR/try_lifecycle_manager/install/life_manager', 'merge_install': False, 'path': '/home/andreazanasi/Desktop/MMR/try_lifecycle_manager/src/life_manager', 'symlink_install': False, 'test_result_base': None}[0m
[0.660s] [34mcolcon.colcon_core.verb[0m [1;30mLevel 5[0m set package 'node_1' build argument 'cmake_args' from command line to 'None'
[0.660s] [34mcolcon.colcon_core.verb[0m [1;30mLevel 5[0m set package 'node_1' build argument 'cmake_target' from command line to 'None'
[0.660s] [34mcolcon.colcon_core.verb[0m [1;30mLevel 5[0m set package 'node_1' build argument 'cmake_target_skip_unavailable' from command line to 'False'
[0.660s] [34mcolcon.colcon_core.verb[0m [1;30mLevel 5[0m set package 'node_1' build argument 'cmake_clean_cache' from command line to 'False'
[0.660s] [34mcolcon.colcon_core.verb[0m [1;30mLevel 5[0m set package 'node_1' build argument 'cmake_clean_first' from command line to 'False'
[0.660s] [34mcolcon.colcon_core.verb[0m [1;30mLevel 5[0m set package 'node_1' build argument 'cmake_force_configure' from command line to 'False'
[0.660s] [34mcolcon.colcon_core.verb[0m [1;30mLevel 5[0m set package 'node_1' build argument 'ament_cmake_args' from command line to 'None'
[0.660s] [34mcolcon.colcon_core.verb[0m [1;30mLevel 5[0m set package 'node_1' build argument 'catkin_cmake_args' from command line to 'None'
[0.660s] [34mcolcon.colcon_core.verb[0m [1;30mLevel 5[0m set package 'node_1' build argument 'catkin_skip_building_tests' from command line to 'False'
[0.660s] [34mcolcon.colcon_core.verb[0m [1;30mDEBUG[0m [32mBuilding package 'node_1' with the following arguments: {'ament_cmake_args': None, 'build_base': '/home/andreazanasi/Desktop/MMR/try_lifecycle_manager/build/node_1', 'catkin_cmake_args': None, 'catkin_skip_building_tests': False, 'cmake_args': None, 'cmake_clean_cache': False, 'cmake_clean_first': False, 'cmake_force_configure': False, 'cmake_target': None, 'cmake_target_skip_unavailable': False, 'install_base': '/home/andreazanasi/Desktop/MMR/try_lifecycle_manager/install/node_1', 'merge_install': False, 'path': '/home/andreazanasi/Desktop/MMR/try_lifecycle_manager/src/node_1', 'symlink_install': False, 'test_result_base': None}[0m
[0.661s] [34mcolcon.colcon_core.verb[0m [1;30mLevel 5[0m set package 'node_2' build argument 'cmake_args' from command line to 'None'
[0.661s] [34mcolcon.colcon_core.verb[0m [1;30mLevel 5[0m set package 'node_2' build argument 'cmake_target' from command line to 'None'
[0.661s] [34mcolcon.colcon_core.verb[0m [1;30mLevel 5[0m set package 'node_2' build argument 'cmake_target_skip_unavailable' from command line to 'False'
[0.661s] [34mcolcon.colcon_core.verb[0m [1;30mLevel 5[0m set package 'node_2' build argument 'cmake_clean_cache' from command line to 'False'
[0.661s] [34mcolcon.colcon_core.verb[0m [1;30mLevel 5[0m set package 'node_2' build argument 'cmake_clean_first' from command line to 'False'
[0.661s] [34mcolcon.colcon_core.verb[0m [1;30mLevel 5[0m set package 'node_2' build argument 'cmake_force_configure' from command line to 'False'
[0.661s] [34mcolcon.colcon_core.verb[0m [1;30mLevel 5[0m set package 'node_2' build argument 'ament_cmake_args' from command line to 'None'
[0.661s] [34mcolcon.colcon_core.verb[0m [1;30mLevel 5[0m set package 'node_2' build argument 'catkin_cmake_args' from command line to 'None'
[0.661s] [34mcolcon.colcon_core.verb[0m [1;30mLevel 5[0m set package 'node_2' build argument 'catkin_skip_building_tests' from command line to 'False'
[0.661s] [34mcolcon.colcon_core.verb[0m [1;30mDEBUG[0m [32mBuilding package 'node_2' with the following arguments: {'ament_cmake_args': None, 'build_base': '/home/andreazanasi/Desktop/MMR/try_lifecycle_manager/build/node_2', 'catkin_cmake_args': None, 'catkin_skip_building_tests': False, 'cmake_args': None, 'cmake_clean_cache': False, 'cmake_clean_first': False, 'cmake_force_configure': False, 'cmake_target': None, 'cmake_target_skip_unavailable': False, 'install_base': '/home/andreazanasi/Desktop/MMR/try_lifecycle_manager/install/node_2', 'merge_install': False, 'path': '/home/andreazanasi/Desktop/MMR/try_lifecycle_manager/src/node_2', 'symlink_install': False, 'test_result_base': None}[0m
[0.662s] [34mcolcon.colcon_core.executor[0m [1;30mINFO[0m Executing jobs using 'parallel' executor
[0.663s] [34mcolcon.colcon_parallel_executor.executor.parallel[0m [1;30mDEBUG[0m [32mrun_until_complete[0m
[0.663s] [34mcolcon.colcon_ros.task.ament_cmake.build[0m [1;30mINFO[0m Building ROS package in '/home/andreazanasi/Desktop/MMR/try_lifecycle_manager/src/life_manager' with build type 'ament_cmake'
[0.664s] [34mcolcon.colcon_cmake.task.cmake.build[0m [1;30mINFO[0m Building CMake package in '/home/andreazanasi/Desktop/MMR/try_lifecycle_manager/src/life_manager'
[0.668s] [34mcolcon.colcon_core.plugin_system[0m [1;30mINFO[0m Skipping extension 'colcon_core.shell.bat': Not used on non-Windows systems
[0.668s] [34mcolcon.colcon_core.shell[0m [1;30mINFO[0m Skip shell extension 'powershell' for command environment: Not usable outside of PowerShell
[0.668s] [34mcolcon.colcon_core.shell[0m [1;30mDEBUG[0m [32mSkip shell extension 'dsv' for command environment[0m
[0.676s] [34mcolcon.colcon_ros.task.ament_cmake.build[0m [1;30mINFO[0m Building ROS package in '/home/andreazanasi/Desktop/MMR/try_lifecycle_manager/src/node_1' with build type 'ament_cmake'
[0.676s] [34mcolcon.colcon_cmake.task.cmake.build[0m [1;30mINFO[0m Building CMake package in '/home/andreazanasi/Desktop/MMR/try_lifecycle_manager/src/node_1'
[0.677s] [34mcolcon.colcon_core.shell[0m [1;30mINFO[0m Skip shell extension 'powershell' for command environment: Not usable outside of PowerShell
[0.677s] [34mcolcon.colcon_core.shell[0m [1;30mDEBUG[0m [32mSkip shell extension 'dsv' for command environment[0m
[0.683s] [34mcolcon.colcon_ros.task.ament_cmake.build[0m [1;30mINFO[0m Building ROS package in '/home/andreazanasi/Desktop/MMR/try_lifecycle_manager/src/node_2' with build type 'ament_cmake'
[0.683s] [34mcolcon.colcon_cmake.task.cmake.build[0m [1;30mINFO[0m Building CMake package in '/home/andreazanasi/Desktop/MMR/try_lifecycle_manager/src/node_2'
[0.684s] [34mcolcon.colcon_core.shell[0m [1;30mINFO[0m Skip shell extension 'powershell' for command environment: Not usable outside of PowerShell
[0.684s] [34mcolcon.colcon_core.shell[0m [1;30mDEBUG[0m [32mSkip shell extension 'dsv' for command environment[0m
[0.705s] [34mcolcon.colcon_core.event_handler.log_command[0m [1;30mDEBUG[0m [32mInvoking command in '/home/andreazanasi/Desktop/MMR/try_lifecycle_manager/build/life_manager': CMAKE_PREFIX_PATH=${CMAKE_PREFIX_PATH}:/home/andreazanasi/Desktop/MMR/mmr-kria-drive/install/clutch_plotter:/opt/ros/humble /usr/bin/cmake --build /home/andreazanasi/Desktop/MMR/try_lifecycle_manager/build/life_manager -- -j4 -l4[0m
[0.709s] [34mcolcon.colcon_core.event_handler.log_command[0m [1;30mDEBUG[0m [32mInvoking command in '/home/andreazanasi/Desktop/MMR/try_lifecycle_manager/build/node_1': CMAKE_PREFIX_PATH=${CMAKE_PREFIX_PATH}:/home/andreazanasi/Desktop/MMR/mmr-kria-drive/install/clutch_plotter:/opt/ros/humble /usr/bin/cmake --build /home/andreazanasi/Desktop/MMR/try_lifecycle_manager/build/node_1 -- -j4 -l4[0m
[0.733s] [34mcolcon.colcon_core.event_handler.log_command[0m [1;30mDEBUG[0m [32mInvoking command in '/home/andreazanasi/Desktop/MMR/try_lifecycle_manager/build/node_2': CMAKE_PREFIX_PATH=${CMAKE_PREFIX_PATH}:/home/andreazanasi/Desktop/MMR/mmr-kria-drive/install/clutch_plotter:/opt/ros/humble /usr/bin/cmake --build /home/andreazanasi/Desktop/MMR/try_lifecycle_manager/build/node_2 -- -j4 -l4[0m
[0.897s] [34mcolcon.colcon_core.event_handler.log_command[0m [1;30mDEBUG[0m [32mInvoked command in '/home/andreazanasi/Desktop/MMR/try_lifecycle_manager/build/node_1' returned '0': CMAKE_PREFIX_PATH=${CMAKE_PREFIX_PATH}:/home/andreazanasi/Desktop/MMR/mmr-kria-drive/install/clutch_plotter:/opt/ros/humble /usr/bin/cmake --build /home/andreazanasi/Desktop/MMR/try_lifecycle_manager/build/node_1 -- -j4 -l4[0m
[0.918s] [34mcolcon.colcon_core.event_handler.log_command[0m [1;30mDEBUG[0m [32mInvoking command in '/home/andreazanasi/Desktop/MMR/try_lifecycle_manager/build/node_1': CMAKE_PREFIX_PATH=${CMAKE_PREFIX_PATH}:/home/andreazanasi/Desktop/MMR/mmr-kria-drive/install/clutch_plotter:/opt/ros/humble /usr/bin/cmake --install /home/andreazanasi/Desktop/MMR/try_lifecycle_manager/build/node_1[0m
[0.920s] [34mcolcon.colcon_core.event_handler.log_command[0m [1;30mDEBUG[0m [32mInvoked command in '/home/andreazanasi/Desktop/MMR/try_lifecycle_manager/build/node_2' returned '0': CMAKE_PREFIX_PATH=${CMAKE_PREFIX_PATH}:/home/andreazanasi/Desktop/MMR/mmr-kria-drive/install/clutch_plotter:/opt/ros/humble /usr/bin/cmake --build /home/andreazanasi/Desktop/MMR/try_lifecycle_manager/build/node_2 -- -j4 -l4[0m
[0.928s] [34mcolcon.colcon_core.event_handler.log_command[0m [1;30mDEBUG[0m [32mInvoking command in '/home/andreazanasi/Desktop/MMR/try_lifecycle_manager/build/node_2': CMAKE_PREFIX_PATH=${CMAKE_PREFIX_PATH}:/home/andreazanasi/Desktop/MMR/mmr-kria-drive/install/clutch_plotter:/opt/ros/humble /usr/bin/cmake --install /home/andreazanasi/Desktop/MMR/try_lifecycle_manager/build/node_2[0m
[0.942s] [34mcolcon.colcon_core.environment[0m [1;30mLevel 1[0m create_environment_scripts_only(node_1)
[0.943s] [34mcolcon.colcon_core.event_handler.log_command[0m [1;30mDEBUG[0m [32mInvoked command in '/home/andreazanasi/Desktop/MMR/try_lifecycle_manager/build/node_1' returned '0': CMAKE_PREFIX_PATH=${CMAKE_PREFIX_PATH}:/home/andreazanasi/Desktop/MMR/mmr-kria-drive/install/clutch_plotter:/opt/ros/humble /usr/bin/cmake --install /home/andreazanasi/Desktop/MMR/try_lifecycle_manager/build/node_1[0m
[0.950s] [34mcolcon.colcon_core.environment[0m [1;30mLevel 1[0m checking '/home/andreazanasi/Desktop/MMR/try_lifecycle_manager/install/node_1' for CMake module files
[0.951s] [34mcolcon.colcon_core.environment[0m [1;30mLevel 1[0m checking '/home/andreazanasi/Desktop/MMR/try_lifecycle_manager/install/node_1' for CMake config files
[0.951s] [34mcolcon.colcon_core.shell[0m [1;30mLevel 1[0m create_environment_hook('node_1', 'cmake_prefix_path')
[0.952s] [34mcolcon.colcon_core.shell[0m [1;30mINFO[0m Creating environment hook '/home/andreazanasi/Desktop/MMR/try_lifecycle_manager/install/node_1/share/node_1/hook/cmake_prefix_path.ps1'
[0.953s] [34mcolcon.colcon_core.shell[0m [1;30mINFO[0m Creating environment descriptor '/home/andreazanasi/Desktop/MMR/try_lifecycle_manager/install/node_1/share/node_1/hook/cmake_prefix_path.dsv'
[0.955s] [34mcolcon.colcon_core.shell[0m [1;30mINFO[0m Creating environment hook '/home/andreazanasi/Desktop/MMR/try_lifecycle_manager/install/node_1/share/node_1/hook/cmake_prefix_path.sh'
[0.957s] [34mcolcon.colcon_core.environment[0m [1;30mLevel 1[0m checking '/home/andreazanasi/Desktop/MMR/try_lifecycle_manager/install/node_1/lib'
[0.957s] [34mcolcon.colcon_core.environment[0m [1;30mLevel 1[0m checking '/home/andreazanasi/Desktop/MMR/try_lifecycle_manager/install/node_1/bin'
[0.958s] [34mcolcon.colcon_core.environment[0m [1;30mLevel 1[0m checking '/home/andreazanasi/Desktop/MMR/try_lifecycle_manager/install/node_1/lib/pkgconfig/node_1.pc'
[0.958s] [34mcolcon.colcon_core.environment[0m [1;30mLevel 1[0m checking '/home/andreazanasi/Desktop/MMR/try_lifecycle_manager/install/node_1/lib/python3.10/site-packages'
[0.959s] [34mcolcon.colcon_core.environment[0m [1;30mLevel 1[0m checking '/home/andreazanasi/Desktop/MMR/try_lifecycle_manager/install/node_1/bin'
[0.959s] [34mcolcon.colcon_core.shell[0m [1;30mINFO[0m Creating package script '/home/andreazanasi/Desktop/MMR/try_lifecycle_manager/install/node_1/share/node_1/package.ps1'
[0.962s] [34mcolcon.colcon_core.shell[0m [1;30mINFO[0m Creating package descriptor '/home/andreazanasi/Desktop/MMR/try_lifecycle_manager/install/node_1/share/node_1/package.dsv'
[0.963s] [34mcolcon.colcon_core.shell[0m [1;30mINFO[0m Creating package script '/home/andreazanasi/Desktop/MMR/try_lifecycle_manager/install/node_1/share/node_1/package.sh'
[0.965s] [34mcolcon.colcon_core.shell[0m [1;30mINFO[0m Creating package script '/home/andreazanasi/Desktop/MMR/try_lifecycle_manager/install/node_1/share/node_1/package.bash'
[0.966s] [34mcolcon.colcon_core.shell[0m [1;30mINFO[0m Creating package script '/home/andreazanasi/Desktop/MMR/try_lifecycle_manager/install/node_1/share/node_1/package.zsh'
[0.967s] [34mcolcon.colcon_core.environment[0m [1;30mLevel 1[0m create_file_with_runtime_dependencies(/home/andreazanasi/Desktop/MMR/try_lifecycle_manager/install/node_1/share/colcon-core/packages/node_1)
[0.969s] [34mcolcon.colcon_core.environment[0m [1;30mLevel 1[0m create_environment_scripts_only(node_1)
[0.969s] [34mcolcon.colcon_core.environment[0m [1;30mLevel 1[0m checking '/home/andreazanasi/Desktop/MMR/try_lifecycle_manager/install/node_1' for CMake module files
[0.970s] [34mcolcon.colcon_core.environment[0m [1;30mLevel 1[0m checking '/home/andreazanasi/Desktop/MMR/try_lifecycle_manager/install/node_1' for CMake config files
[0.971s] [34mcolcon.colcon_core.shell[0m [1;30mLevel 1[0m create_environment_hook('node_1', 'cmake_prefix_path')
[0.971s] [34mcolcon.colcon_core.shell[0m [1;30mINFO[0m Creating environment hook '/home/andreazanasi/Desktop/MMR/try_lifecycle_manager/install/node_1/share/node_1/hook/cmake_prefix_path.ps1'
[0.972s] [34mcolcon.colcon_core.shell[0m [1;30mINFO[0m Creating environment descriptor '/home/andreazanasi/Desktop/MMR/try_lifecycle_manager/install/node_1/share/node_1/hook/cmake_prefix_path.dsv'
[0.973s] [34mcolcon.colcon_core.shell[0m [1;30mINFO[0m Creating environment hook '/home/andreazanasi/Desktop/MMR/try_lifecycle_manager/install/node_1/share/node_1/hook/cmake_prefix_path.sh'
[0.974s] [34mcolcon.colcon_core.environment[0m [1;30mLevel 1[0m checking '/home/andreazanasi/Desktop/MMR/try_lifecycle_manager/install/node_1/lib'
[0.974s] [34mcolcon.colcon_core.environment[0m [1;30mLevel 1[0m checking '/home/andreazanasi/Desktop/MMR/try_lifecycle_manager/install/node_1/bin'
[0.974s] [34mcolcon.colcon_core.environment[0m [1;30mLevel 1[0m checking '/home/andreazanasi/Desktop/MMR/try_lifecycle_manager/install/node_1/lib/pkgconfig/node_1.pc'
[0.975s] [34mcolcon.colcon_core.environment[0m [1;30mLevel 1[0m checking '/home/andreazanasi/Desktop/MMR/try_lifecycle_manager/install/node_1/lib/python3.10/site-packages'
[0.975s] [34mcolcon.colcon_core.environment[0m [1;30mLevel 1[0m checking '/home/andreazanasi/Desktop/MMR/try_lifecycle_manager/install/node_1/bin'
[0.976s] [34mcolcon.colcon_core.shell[0m [1;30mINFO[0m Creating package script '/home/andreazanasi/Desktop/MMR/try_lifecycle_manager/install/node_1/share/node_1/package.ps1'
[0.977s] [34mcolcon.colcon_core.shell[0m [1;30mINFO[0m Creating package descriptor '/home/andreazanasi/Desktop/MMR/try_lifecycle_manager/install/node_1/share/node_1/package.dsv'
[0.978s] [34mcolcon.colcon_core.shell[0m [1;30mINFO[0m Creating package script '/home/andreazanasi/Desktop/MMR/try_lifecycle_manager/install/node_1/share/node_1/package.sh'
[0.979s] [34mcolcon.colcon_core.shell[0m [1;30mINFO[0m Creating package script '/home/andreazanasi/Desktop/MMR/try_lifecycle_manager/install/node_1/share/node_1/package.bash'
[0.980s] [34mcolcon.colcon_core.shell[0m [1;30mINFO[0m Creating package script '/home/andreazanasi/Desktop/MMR/try_lifecycle_manager/install/node_1/share/node_1/package.zsh'
[0.981s] [34mcolcon.colcon_core.environment[0m [1;30mLevel 1[0m create_file_with_runtime_dependencies(/home/andreazanasi/Desktop/MMR/try_lifecycle_manager/install/node_1/share/colcon-core/packages/node_1)
[0.982s] [34mcolcon.colcon_core.environment[0m [1;30mLevel 1[0m create_environment_scripts_only(node_2)
[0.983s] [34mcolcon.colcon_core.environment[0m [1;30mLevel 1[0m checking '/home/andreazanasi/Desktop/MMR/try_lifecycle_manager/install/node_2' for CMake module files
[0.985s] [34mcolcon.colcon_core.event_handler.log_command[0m [1;30mDEBUG[0m [32mInvoked command in '/home/andreazanasi/Desktop/MMR/try_lifecycle_manager/build/node_2' returned '0': CMAKE_PREFIX_PATH=${CMAKE_PREFIX_PATH}:/home/andreazanasi/Desktop/MMR/mmr-kria-drive/install/clutch_plotter:/opt/ros/humble /usr/bin/cmake --install /home/andreazanasi/Desktop/MMR/try_lifecycle_manager/build/node_2[0m
[0.986s] [34mcolcon.colcon_core.environment[0m [1;30mLevel 1[0m checking '/home/andreazanasi/Desktop/MMR/try_lifecycle_manager/install/node_2' for CMake config files
[0.986s] [34mcolcon.colcon_core.shell[0m [1;30mLevel 1[0m create_environment_hook('node_2', 'cmake_prefix_path')
[0.987s] [34mcolcon.colcon_core.shell[0m [1;30mINFO[0m Creating environment hook '/home/andreazanasi/Desktop/MMR/try_lifecycle_manager/install/node_2/share/node_2/hook/cmake_prefix_path.ps1'
[0.988s] [34mcolcon.colcon_core.shell[0m [1;30mINFO[0m Creating environment descriptor '/home/andreazanasi/Desktop/MMR/try_lifecycle_manager/install/node_2/share/node_2/hook/cmake_prefix_path.dsv'
[0.989s] [34mcolcon.colcon_core.shell[0m [1;30mINFO[0m Creating environment hook '/home/andreazanasi/Desktop/MMR/try_lifecycle_manager/install/node_2/share/node_2/hook/cmake_prefix_path.sh'
[0.990s] [34mcolcon.colcon_core.environment[0m [1;30mLevel 1[0m checking '/home/andreazanasi/Desktop/MMR/try_lifecycle_manager/install/node_2/lib'
[0.990s] [34mcolcon.colcon_core.environment[0m [1;30mLevel 1[0m checking '/home/andreazanasi/Desktop/MMR/try_lifecycle_manager/install/node_2/bin'
[0.990s] [34mcolcon.colcon_core.environment[0m [1;30mLevel 1[0m checking '/home/andreazanasi/Desktop/MMR/try_lifecycle_manager/install/node_2/lib/pkgconfig/node_2.pc'
[0.991s] [34mcolcon.colcon_core.environment[0m [1;30mLevel 1[0m checking '/home/andreazanasi/Desktop/MMR/try_lifecycle_manager/install/node_2/lib/python3.10/site-packages'
[0.991s] [34mcolcon.colcon_core.environment[0m [1;30mLevel 1[0m checking '/home/andreazanasi/Desktop/MMR/try_lifecycle_manager/install/node_2/bin'
[0.992s] [34mcolcon.colcon_core.shell[0m [1;30mINFO[0m Creating package script '/home/andreazanasi/Desktop/MMR/try_lifecycle_manager/install/node_2/share/node_2/package.ps1'
[0.993s] [34mcolcon.colcon_core.shell[0m [1;30mINFO[0m Creating package descriptor '/home/andreazanasi/Desktop/MMR/try_lifecycle_manager/install/node_2/share/node_2/package.dsv'
[0.994s] [34mcolcon.colcon_core.shell[0m [1;30mINFO[0m Creating package script '/home/andreazanasi/Desktop/MMR/try_lifecycle_manager/install/node_2/share/node_2/package.sh'
[0.995s] [34mcolcon.colcon_core.shell[0m [1;30mINFO[0m Creating package script '/home/andreazanasi/Desktop/MMR/try_lifecycle_manager/install/node_2/share/node_2/package.bash'
[0.996s] [34mcolcon.colcon_core.shell[0m [1;30mINFO[0m Creating package script '/home/andreazanasi/Desktop/MMR/try_lifecycle_manager/install/node_2/share/node_2/package.zsh'
[0.997s] [34mcolcon.colcon_core.environment[0m [1;30mLevel 1[0m create_file_with_runtime_dependencies(/home/andreazanasi/Desktop/MMR/try_lifecycle_manager/install/node_2/share/colcon-core/packages/node_2)
[0.998s] [34mcolcon.colcon_core.environment[0m [1;30mLevel 1[0m create_environment_scripts_only(node_2)
[0.999s] [34mcolcon.colcon_core.environment[0m [1;30mLevel 1[0m checking '/home/andreazanasi/Desktop/MMR/try_lifecycle_manager/install/node_2' for CMake module files
[1.000s] [34mcolcon.colcon_core.environment[0m [1;30mLevel 1[0m checking '/home/andreazanasi/Desktop/MMR/try_lifecycle_manager/install/node_2' for CMake config files
[1.000s] [34mcolcon.colcon_core.shell[0m [1;30mLevel 1[0m create_environment_hook('node_2', 'cmake_prefix_path')
[1.001s] [34mcolcon.colcon_core.shell[0m [1;30mINFO[0m Creating environment hook '/home/andreazanasi/Desktop/MMR/try_lifecycle_manager/install/node_2/share/node_2/hook/cmake_prefix_path.ps1'
[1.002s] [34mcolcon.colcon_core.shell[0m [1;30mINFO[0m Creating environment descriptor '/home/andreazanasi/Desktop/MMR/try_lifecycle_manager/install/node_2/share/node_2/hook/cmake_prefix_path.dsv'
[1.003s] [34mcolcon.colcon_core.shell[0m [1;30mINFO[0m Creating environment hook '/home/andreazanasi/Desktop/MMR/try_lifecycle_manager/install/node_2/share/node_2/hook/cmake_prefix_path.sh'
[1.004s] [34mcolcon.colcon_core.environment[0m [1;30mLevel 1[0m checking '/home/andreazanasi/Desktop/MMR/try_lifecycle_manager/install/node_2/lib'
[1.004s] [34mcolcon.colcon_core.environment[0m [1;30mLevel 1[0m checking '/home/andreazanasi/Desktop/MMR/try_lifecycle_manager/install/node_2/bin'
[1.004s] [34mcolcon.colcon_core.environment[0m [1;30mLevel 1[0m checking '/home/andreazanasi/Desktop/MMR/try_lifecycle_manager/install/node_2/lib/pkgconfig/node_2.pc'
[1.005s] [34mcolcon.colcon_core.environment[0m [1;30mLevel 1[0m checking '/home/andreazanasi/Desktop/MMR/try_lifecycle_manager/install/node_2/lib/python3.10/site-packages'
[1.005s] [34mcolcon.colcon_core.environment[0m [1;30mLevel 1[0m checking '/home/andreazanasi/Desktop/MMR/try_lifecycle_manager/install/node_2/bin'
[1.006s] [34mcolcon.colcon_core.shell[0m [1;30mINFO[0m Creating package script '/home/andreazanasi/Desktop/MMR/try_lifecycle_manager/install/node_2/share/node_2/package.ps1'
[1.007s] [34mcolcon.colcon_core.shell[0m [1;30mINFO[0m Creating package descriptor '/home/andreazanasi/Desktop/MMR/try_lifecycle_manager/install/node_2/share/node_2/package.dsv'
[1.009s] [34mcolcon.colcon_core.shell[0m [1;30mINFO[0m Creating package script '/home/andreazanasi/Desktop/MMR/try_lifecycle_manager/install/node_2/share/node_2/package.sh'
[1.010s] [34mcolcon.colcon_core.shell[0m [1;30mINFO[0m Creating package script '/home/andreazanasi/Desktop/MMR/try_lifecycle_manager/install/node_2/share/node_2/package.bash'
[1.011s] [34mcolcon.colcon_core.shell[0m [1;30mINFO[0m Creating package script '/home/andreazanasi/Desktop/MMR/try_lifecycle_manager/install/node_2/share/node_2/package.zsh'
[1.014s] [34mcolcon.colcon_core.environment[0m [1;30mLevel 1[0m create_file_with_runtime_dependencies(/home/andreazanasi/Desktop/MMR/try_lifecycle_manager/install/node_2/share/colcon-core/packages/node_2)
[14.984s] [34mcolcon.colcon_core.event_handler.log_command[0m [1;30mDEBUG[0m [32mInvoked command in '/home/andreazanasi/Desktop/MMR/try_lifecycle_manager/build/life_manager' returned '0': CMAKE_PREFIX_PATH=${CMAKE_PREFIX_PATH}:/home/andreazanasi/Desktop/MMR/mmr-kria-drive/install/clutch_plotter:/opt/ros/humble /usr/bin/cmake --build /home/andreazanasi/Desktop/MMR/try_lifecycle_manager/build/life_manager -- -j4 -l4[0m
[14.987s] [34mcolcon.colcon_core.event_handler.log_command[0m [1;30mDEBUG[0m [32mInvoking command in '/home/andreazanasi/Desktop/MMR/try_lifecycle_manager/build/life_manager': CMAKE_PREFIX_PATH=${CMAKE_PREFIX_PATH}:/home/andreazanasi/Desktop/MMR/mmr-kria-drive/install/clutch_plotter:/opt/ros/humble /usr/bin/cmake --install /home/andreazanasi/Desktop/MMR/try_lifecycle_manager/build/life_manager[0m
[15.002s] [34mcolcon.colcon_core.environment[0m [1;30mLevel 1[0m create_environment_scripts_only(life_manager)
[15.003s] [34mcolcon.colcon_core.environment[0m [1;30mLevel 1[0m checking '/home/andreazanasi/Desktop/MMR/try_lifecycle_manager/install/life_manager' for CMake module files
[15.004s] [34mcolcon.colcon_core.event_handler.log_command[0m [1;30mDEBUG[0m [32mInvoked command in '/home/andreazanasi/Desktop/MMR/try_lifecycle_manager/build/life_manager' returned '0': CMAKE_PREFIX_PATH=${CMAKE_PREFIX_PATH}:/home/andreazanasi/Desktop/MMR/mmr-kria-drive/install/clutch_plotter:/opt/ros/humble /usr/bin/cmake --install /home/andreazanasi/Desktop/MMR/try_lifecycle_manager/build/life_manager[0m
[15.006s] [34mcolcon.colcon_core.environment[0m [1;30mLevel 1[0m checking '/home/andreazanasi/Desktop/MMR/try_lifecycle_manager/install/life_manager' for CMake config files
[15.007s] [34mcolcon.colcon_core.shell[0m [1;30mLevel 1[0m create_environment_hook('life_manager', 'cmake_prefix_path')
[15.008s] [34mcolcon.colcon_core.shell[0m [1;30mINFO[0m Creating environment hook '/home/andreazanasi/Desktop/MMR/try_lifecycle_manager/install/life_manager/share/life_manager/hook/cmake_prefix_path.ps1'
[15.009s] [34mcolcon.colcon_core.shell[0m [1;30mINFO[0m Creating environment descriptor '/home/andreazanasi/Desktop/MMR/try_lifecycle_manager/install/life_manager/share/life_manager/hook/cmake_prefix_path.dsv'
[15.010s] [34mcolcon.colcon_core.shell[0m [1;30mINFO[0m Creating environment hook '/home/andreazanasi/Desktop/MMR/try_lifecycle_manager/install/life_manager/share/life_manager/hook/cmake_prefix_path.sh'
[15.012s] [34mcolcon.colcon_core.environment[0m [1;30mLevel 1[0m checking '/home/andreazanasi/Desktop/MMR/try_lifecycle_manager/install/life_manager/lib'
[15.014s] [34mcolcon.colcon_core.environment[0m [1;30mLevel 1[0m checking '/home/andreazanasi/Desktop/MMR/try_lifecycle_manager/install/life_manager/bin'
[15.014s] [34mcolcon.colcon_core.environment[0m [1;30mLevel 1[0m checking '/home/andreazanasi/Desktop/MMR/try_lifecycle_manager/install/life_manager/lib/pkgconfig/life_manager.pc'
[15.015s] [34mcolcon.colcon_core.environment[0m [1;30mLevel 1[0m checking '/home/andreazanasi/Desktop/MMR/try_lifecycle_manager/install/life_manager/lib/python3.10/site-packages'
[15.016s] [34mcolcon.colcon_core.environment[0m [1;30mLevel 1[0m checking '/home/andreazanasi/Desktop/MMR/try_lifecycle_manager/install/life_manager/bin'
[15.016s] [34mcolcon.colcon_core.shell[0m [1;30mINFO[0m Creating package script '/home/andreazanasi/Desktop/MMR/try_lifecycle_manager/install/life_manager/share/life_manager/package.ps1'
[15.018s] [34mcolcon.colcon_core.shell[0m [1;30mINFO[0m Creating package descriptor '/home/andreazanasi/Desktop/MMR/try_lifecycle_manager/install/life_manager/share/life_manager/package.dsv'
[15.019s] [34mcolcon.colcon_core.shell[0m [1;30mINFO[0m Creating package script '/home/andreazanasi/Desktop/MMR/try_lifecycle_manager/install/life_manager/share/life_manager/package.sh'
[15.020s] [34mcolcon.colcon_core.shell[0m [1;30mINFO[0m Creating package script '/home/andreazanasi/Desktop/MMR/try_lifecycle_manager/install/life_manager/share/life_manager/package.bash'
[15.021s] [34mcolcon.colcon_core.shell[0m [1;30mINFO[0m Creating package script '/home/andreazanasi/Desktop/MMR/try_lifecycle_manager/install/life_manager/share/life_manager/package.zsh'
[15.021s] [34mcolcon.colcon_core.environment[0m [1;30mLevel 1[0m create_file_with_runtime_dependencies(/home/andreazanasi/Desktop/MMR/try_lifecycle_manager/install/life_manager/share/colcon-core/packages/life_manager)
[15.023s] [34mcolcon.colcon_core.environment[0m [1;30mLevel 1[0m create_environment_scripts_only(life_manager)
[15.023s] [34mcolcon.colcon_core.environment[0m [1;30mLevel 1[0m checking '/home/andreazanasi/Desktop/MMR/try_lifecycle_manager/install/life_manager' for CMake module files
[15.024s] [34mcolcon.colcon_core.environment[0m [1;30mLevel 1[0m checking '/home/andreazanasi/Desktop/MMR/try_lifecycle_manager/install/life_manager' for CMake config files
[15.024s] [34mcolcon.colcon_core.shell[0m [1;30mLevel 1[0m create_environment_hook('life_manager', 'cmake_prefix_path')
[15.025s] [34mcolcon.colcon_core.shell[0m [1;30mINFO[0m Creating environment hook '/home/andreazanasi/Desktop/MMR/try_lifecycle_manager/install/life_manager/share/life_manager/hook/cmake_prefix_path.ps1'
[15.026s] [34mcolcon.colcon_core.shell[0m [1;30mINFO[0m Creating environment descriptor '/home/andreazanasi/Desktop/MMR/try_lifecycle_manager/install/life_manager/share/life_manager/hook/cmake_prefix_path.dsv'
[15.027s] [34mcolcon.colcon_core.shell[0m [1;30mINFO[0m Creating environment hook '/home/andreazanasi/Desktop/MMR/try_lifecycle_manager/install/life_manager/share/life_manager/hook/cmake_prefix_path.sh'
[15.028s] [34mcolcon.colcon_core.environment[0m [1;30mLevel 1[0m checking '/home/andreazanasi/Desktop/MMR/try_lifecycle_manager/install/life_manager/lib'
[15.028s] [34mcolcon.colcon_core.environment[0m [1;30mLevel 1[0m checking '/home/andreazanasi/Desktop/MMR/try_lifecycle_manager/install/life_manager/bin'
[15.029s] [34mcolcon.colcon_core.environment[0m [1;30mLevel 1[0m checking '/home/andreazanasi/Desktop/MMR/try_lifecycle_manager/install/life_manager/lib/pkgconfig/life_manager.pc'
[15.029s] [34mcolcon.colcon_core.environment[0m [1;30mLevel 1[0m checking '/home/andreazanasi/Desktop/MMR/try_lifecycle_manager/install/life_manager/lib/python3.10/site-packages'
[15.030s] [34mcolcon.colcon_core.environment[0m [1;30mLevel 1[0m checking '/home/andreazanasi/Desktop/MMR/try_lifecycle_manager/install/life_manager/bin'
[15.030s] [34mcolcon.colcon_core.shell[0m [1;30mINFO[0m Creating package script '/home/andreazanasi/Desktop/MMR/try_lifecycle_manager/install/life_manager/share/life_manager/package.ps1'
[15.031s] [34mcolcon.colcon_core.shell[0m [1;30mINFO[0m Creating package descriptor '/home/andreazanasi/Desktop/MMR/try_lifecycle_manager/install/life_manager/share/life_manager/package.dsv'
[15.032s] [34mcolcon.colcon_core.shell[0m [1;30mINFO[0m Creating package script '/home/andreazanasi/Desktop/MMR/try_lifecycle_manager/install/life_manager/share/life_manager/package.sh'
[15.033s] [34mcolcon.colcon_core.shell[0m [1;30mINFO[0m Creating package script '/home/andreazanasi/Desktop/MMR/try_lifecycle_manager/install/life_manager/share/life_manager/package.bash'
[15.034s] [34mcolcon.colcon_core.shell[0m [1;30mINFO[0m Creating package script '/home/andreazanasi/Desktop/MMR/try_lifecycle_manager/install/life_manager/share/life_manager/package.zsh'
[15.034s] [34mcolcon.colcon_core.environment[0m [1;30mLevel 1[0m create_file_with_runtime_dependencies(/home/andreazanasi/Desktop/MMR/try_lifecycle_manager/install/life_manager/share/colcon-core/packages/life_manager)
[15.035s] [34mcolcon.colcon_parallel_executor.executor.parallel[0m [1;30mDEBUG[0m [32mclosing loop[0m
[15.035s] [34mcolcon.colcon_parallel_executor.executor.parallel[0m [1;30mDEBUG[0m [32mloop closed[0m
[15.035s] [34mcolcon.colcon_parallel_executor.executor.parallel[0m [1;30mDEBUG[0m [32mrun_until_complete finished with '0'[0m
[15.036s] [34mcolcon.colcon_core.event_reactor[0m [1;30mDEBUG[0m [32mjoining thread[0m
[15.046s] [34mcolcon.colcon_core.plugin_system[0m [1;30mINFO[0m Skipping extension 'colcon_notification.desktop_notification.terminal_notifier': Not used on non-Darwin systems
[15.046s] [34mcolcon.colcon_core.plugin_system[0m [1;30mINFO[0m Skipping extension 'colcon_notification.desktop_notification.win32': Not used on non-Windows systems
[15.046s] [34mcolcon.colcon_notification.desktop_notification[0m [1;30mINFO[0m Sending desktop notification using 'notify2'
[15.062s] [34mcolcon.colcon_core.event_reactor[0m [1;30mDEBUG[0m [32mjoined thread[0m
[15.063s] [34mcolcon.colcon_core.shell[0m [1;30mINFO[0m Creating prefix script '/home/andreazanasi/Desktop/MMR/try_lifecycle_manager/install/local_setup.ps1'
[15.066s] [34mcolcon.colcon_core.shell[0m [1;30mINFO[0m Creating prefix util module '/home/andreazanasi/Desktop/MMR/try_lifecycle_manager/install/_local_setup_util_ps1.py'
[15.070s] [34mcolcon.colcon_core.shell[0m [1;30mINFO[0m Creating prefix chain script '/home/andreazanasi/Desktop/MMR/try_lifecycle_manager/install/setup.ps1'
[15.073s] [34mcolcon.colcon_core.shell[0m [1;30mINFO[0m Creating prefix script '/home/andreazanasi/Desktop/MMR/try_lifecycle_manager/install/local_setup.sh'
[15.074s] [34mcolcon.colcon_core.shell[0m [1;30mINFO[0m Creating prefix util module '/home/andreazanasi/Desktop/MMR/try_lifecycle_manager/install/_local_setup_util_sh.py'
[15.076s] [34mcolcon.colcon_core.shell[0m [1;30mINFO[0m Creating prefix chain script '/home/andreazanasi/Desktop/MMR/try_lifecycle_manager/install/setup.sh'
[15.079s] [34mcolcon.colcon_core.shell[0m [1;30mINFO[0m Creating prefix script '/home/andreazanasi/Desktop/MMR/try_lifecycle_manager/install/local_setup.bash'
[15.080s] [34mcolcon.colcon_core.shell[0m [1;30mINFO[0m Creating prefix chain script '/home/andreazanasi/Desktop/MMR/try_lifecycle_manager/install/setup.bash'
[15.083s] [34mcolcon.colcon_core.shell[0m [1;30mINFO[0m Creating prefix script '/home/andreazanasi/Desktop/MMR/try_lifecycle_manager/install/local_setup.zsh'
[15.084s] [34mcolcon.colcon_core.shell[0m [1;30mINFO[0m Creating prefix chain script '/home/andreazanasi/Desktop/MMR/try_lifecycle_manager/install/setup.zsh'
