[0.034s] Invoking command in '/home/andreazanasi/Desktop/MMR/try_lifecycle_manager/build/node_1': CMAKE_PREFIX_PATH=${CMAKE_PREFIX_PATH}:/home/andreazanasi/Desktop/MMR/mmr-kria-drive/install/clutch_plotter:/opt/ros/humble /usr/bin/cmake --build /home/andreazanasi/Desktop/MMR/try_lifecycle_manager/build/node_1 -- -j4 -l4
[0.104s] -- Found ament_cmake: 1.3.11 (/opt/ros/humble/share/ament_cmake/cmake)
[0.772s] -- Found rclcpp: 16.0.12 (/opt/ros/humble/share/rclcpp/cmake)
[0.834s] -- Found rosidl_generator_c: 3.1.6 (/opt/ros/humble/share/rosidl_generator_c/cmake)
[0.836s] -- Found rosidl_adapter: 3.1.6 (/opt/ros/humble/share/rosidl_adapter/cmake)
[0.847s] -- Found rosidl_generator_cpp: 3.1.6 (/opt/ros/humble/share/rosidl_generator_cpp/cmake)
[0.867s] -- Using all available rosidl_typesupport_c: rosidl_typesupport_fastrtps_c;rosidl_typesupport_introspection_c
[0.893s] -- Using all available rosidl_typesupport_cpp: rosidl_typesupport_fastrtps_cpp;rosidl_typesupport_introspection_cpp
[0.959s] -- Found rmw_implementation_cmake: 6.1.2 (/opt/ros/humble/share/rmw_implementation_cmake/cmake)
[0.961s] -- Found rmw_fastrtps_cpp: 6.2.7 (/opt/ros/humble/share/rmw_fastrtps_cpp/cmake)
[1.198s] -- Using RMW implementation 'rmw_fastrtps_cpp' as default
[1.373s] -- Found rclcpp_lifecycle: 16.0.12 (/opt/ros/humble/share/rclcpp_lifecycle/cmake)
[1.447s] -- Found ament_lint_auto: 0.12.12 (/opt/ros/humble/share/ament_lint_auto/cmake)
[2.006s] -- Added test 'cppcheck' to perform static code analysis on C / C++ code
[2.008s] -- Configured cppcheck include dirs: 
[2.008s] -- Configured cppcheck exclude dirs and/or files: 
[2.008s] -- Added test 'flake8' to check Python code syntax and style conventions
[2.009s] -- Added test 'lint_cmake' to check CMake code style
[2.010s] -- Added test 'pep257' to check Python code against some of the docstring style conventions in PEP 257
[2.015s] -- Added test 'uncrustify' to check C / C++ code style
[2.016s] -- Configured uncrustify additional arguments: 
[2.016s] -- Added test 'xmllint' to check XML markup files
[2.020s] -- Configuring done
[2.060s] -- Generating done
[2.070s] -- Build files have been written to: /home/andreazanasi/Desktop/MMR/try_lifecycle_manager/build/node_1
[2.147s] [35m[1mConsolidate compiler generated dependencies of target node_1_exe[0m
[2.200s] [100%] Built target node_1_exe
[2.231s] Invoked command in '/home/andreazanasi/Desktop/MMR/try_lifecycle_manager/build/node_1' returned '0': CMAKE_PREFIX_PATH=${CMAKE_PREFIX_PATH}:/home/andreazanasi/Desktop/MMR/mmr-kria-drive/install/clutch_plotter:/opt/ros/humble /usr/bin/cmake --build /home/andreazanasi/Desktop/MMR/try_lifecycle_manager/build/node_1 -- -j4 -l4
[2.237s] Invoking command in '/home/andreazanasi/Desktop/MMR/try_lifecycle_manager/build/node_1': CMAKE_PREFIX_PATH=${CMAKE_PREFIX_PATH}:/home/andreazanasi/Desktop/MMR/mmr-kria-drive/install/clutch_plotter:/opt/ros/humble /usr/bin/cmake --install /home/andreazanasi/Desktop/MMR/try_lifecycle_manager/build/node_1
[2.262s] -- Install configuration: ""
[2.262s] -- Up-to-date: /home/andreazanasi/Desktop/MMR/try_lifecycle_manager/install/node_1/share/node_1/launch
[2.262s] -- Up-to-date: /home/andreazanasi/Desktop/MMR/try_lifecycle_manager/install/node_1/share/node_1/config
[2.262s] -- Installing: /home/andreazanasi/Desktop/MMR/try_lifecycle_manager/install/node_1/share/node_1/config/params.yaml
[2.262s] -- Installing: /home/andreazanasi/Desktop/MMR/try_lifecycle_manager/install/node_1/share/node_1/package.dsv
[2.273s] Invoked command in '/home/andreazanasi/Desktop/MMR/try_lifecycle_manager/build/node_1' returned '0': CMAKE_PREFIX_PATH=${CMAKE_PREFIX_PATH}:/home/andreazanasi/Desktop/MMR/mmr-kria-drive/install/clutch_plotter:/opt/ros/humble /usr/bin/cmake --install /home/andreazanasi/Desktop/MMR/try_lifecycle_manager/build/node_1
